<?xml version="1.0" encoding="UTF-8"?>
<robot generator="Robot 6.1.1 (Python 3.12.1 on win32)" generated="20240108 15:54:51.270" rpa="false" schemaversion="4">
<suite id="s1" name="Suites" source="C:\Users\Acer\OneDrive\Desktop\Sanber52-MobileAutomation-Kelompok11\Suites">
<suite id="s1-s1" name="bookOnWaySuites" source="C:\Users\Acer\OneDrive\Desktop\Sanber52-MobileAutomation-Kelompok11\Suites\bookOnWaySuites.robot">
<test id="s1-s1-t1" name="TC001 - Booking with form city Toronto- Ottawa- First - Flight - with date" line="18">
<kw name="Run Keywords" library="BuiltIn" type="SETUP">
<arg>Open Flight Application</arg>
<arg>Login with valid credentials</arg>
<doc>Executes all the given keywords in a sequence.</doc>
<kw name="Open Flight Application" library="base">
<kw name="Open Application" library="AppiumLibrary">
<arg>remote_url=${REMOTE_URL}</arg>
<arg>platformName=${PLATFORM_NAME}</arg>
<arg>platformVersion=${PLATFORM_VERSION}</arg>
<arg>deviceName=${DEVICE_NAME}</arg>
<arg>appPackage=${APP_PACKAGE}</arg>
<arg>appActivity=${APP_ACTIVITY}</arg>
<doc>Opens a new application to given Appium server.
Capabilities of appium server, Android and iOS,
Please check https://github.com/appium/appium/blob/master/docs/en/writing-running-appium/server-args.md
| *Option*            | *Man.* | *Description*     |
| remote_url          | Yes    | Appium server url |
| alias               | no     | alias             |
| strict_ssl          | No     | allows you to send commands to an invalid certificate host like a self-signed one. |</doc>
<status status="PASS" starttime="20240108 15:54:52.322" endtime="20240108 15:55:49.503"/>
</kw>
<status status="PASS" starttime="20240108 15:54:52.321" endtime="20240108 15:55:49.503"/>
</kw>
<kw name="Login with valid credentials" library="loginPage">
<kw name="Verify Home Page Appears" library="homePage">
<kw name="Wait Until Element Is Visible" library="AppiumLibrary">
<arg>${logo_HomePage}</arg>
<doc>Waits until element specified with `locator` is visible.</doc>
<msg timestamp="20240108 15:55:51.388" level="INFO">xpath criteria: //android.widget.ImageView[@resource-id="com.example.myapplication:id/imageView4"]</msg>
<status status="PASS" starttime="20240108 15:55:49.505" endtime="20240108 15:55:51.388"/>
</kw>
<status status="PASS" starttime="20240108 15:55:49.504" endtime="20240108 15:55:51.388"/>
</kw>
<kw name="Click Sign In Button On Home Page" library="homePage">
<kw name="Wait Until Element Is Visible" library="AppiumLibrary">
<arg>${signIN_button_homepage}</arg>
<doc>Waits until element specified with `locator` is visible.</doc>
<msg timestamp="20240108 15:55:51.578" level="INFO">xpath criteria: //android.widget.Button[@resource-id="com.example.myapplication:id/login"]</msg>
<status status="PASS" starttime="20240108 15:55:51.389" endtime="20240108 15:55:51.579"/>
</kw>
<kw name="Click Element" library="AppiumLibrary">
<arg>${signIN_button_homepage}</arg>
<doc>Click element identified by `locator`.</doc>
<msg timestamp="20240108 15:55:51.583" level="INFO">Clicking element '//android.widget.Button[@resource-id="com.example.myapplication:id/login"]'.</msg>
<msg timestamp="20240108 15:55:52.391" level="INFO">xpath criteria: //android.widget.Button[@resource-id="com.example.myapplication:id/login"]</msg>
<status status="PASS" starttime="20240108 15:55:51.579" endtime="20240108 15:55:52.391"/>
</kw>
<status status="PASS" starttime="20240108 15:55:51.389" endtime="20240108 15:55:52.391"/>
</kw>
<kw name="Verify Login Appears" library="loginPage">
<kw name="Wait Until Element Is Visible" library="AppiumLibrary">
<arg>${emailInput_LoginPage}</arg>
<doc>Waits until element specified with `locator` is visible.</doc>
<msg timestamp="20240108 15:55:54.878" level="INFO">xpath criteria: //android.widget.EditText[@resource-id="com.example.myapplication:id/username"]
xpath criteria: //android.widget.EditText[@resource-id="com.example.myapplication:id/username"]</msg>
<status status="PASS" starttime="20240108 15:55:52.392" endtime="20240108 15:55:54.878"/>
</kw>
<kw name="Wait Until Element Is Visible" library="AppiumLibrary">
<arg>${passwordInput_LoginPage}</arg>
<doc>Waits until element specified with `locator` is visible.</doc>
<msg timestamp="20240108 15:55:55.277" level="INFO">xpath criteria: //android.widget.EditText[@resource-id="com.example.myapplication:id/password"]</msg>
<status status="PASS" starttime="20240108 15:55:54.878" endtime="20240108 15:55:55.277"/>
</kw>
<kw name="Wait Until Element Is Visible" library="AppiumLibrary">
<arg>${signIn_button_LoginPage}</arg>
<doc>Waits until element specified with `locator` is visible.</doc>
<msg timestamp="20240108 15:55:55.904" level="INFO">xpath criteria: //android.widget.Button[@resource-id="com.example.myapplication:id/signIn"]</msg>
<status status="PASS" starttime="20240108 15:55:55.277" endtime="20240108 15:55:55.905"/>
</kw>
<status status="PASS" starttime="20240108 15:55:52.392" endtime="20240108 15:55:55.905"/>
</kw>
<kw name="Input User Email on Login Page" library="loginPage">
<arg>${email}</arg>
<kw name="Wait Until Element Is Visible" library="AppiumLibrary">
<arg>${emailInput_LoginPage}</arg>
<doc>Waits until element specified with `locator` is visible.</doc>
<msg timestamp="20240108 15:55:56.749" level="INFO">xpath criteria: //android.widget.EditText[@resource-id="com.example.myapplication:id/username"]</msg>
<status status="PASS" starttime="20240108 15:55:55.905" endtime="20240108 15:55:56.750"/>
</kw>
<kw name="Input Text" library="AppiumLibrary">
<arg>${emailInput_LoginPage}</arg>
<arg>${email}</arg>
<doc>Types the given `text` into text field identified by `locator`.</doc>
<msg timestamp="20240108 15:55:56.753" level="INFO">Typing text 'support@ngendigital.com' into text field '//android.widget.EditText[@resource-id="com.example.myapplication:id/username"]'</msg>
<msg timestamp="20240108 15:55:57.353" level="INFO">xpath criteria: //android.widget.EditText[@resource-id="com.example.myapplication:id/username"]</msg>
<status status="PASS" starttime="20240108 15:55:56.750" endtime="20240108 15:55:57.353"/>
</kw>
<status status="PASS" starttime="20240108 15:55:55.905" endtime="20240108 15:55:57.353"/>
</kw>
<kw name="Input User Password on Login Page" library="loginPage">
<arg>${password}</arg>
<kw name="Wait Until Element Is Visible" library="AppiumLibrary">
<arg>${passwordInput_LoginPage}</arg>
<doc>Waits until element specified with `locator` is visible.</doc>
<msg timestamp="20240108 15:55:58.181" level="INFO">xpath criteria: //android.widget.EditText[@resource-id="com.example.myapplication:id/password"]</msg>
<status status="PASS" starttime="20240108 15:55:57.354" endtime="20240108 15:55:58.182"/>
</kw>
<kw name="Input Text" library="AppiumLibrary">
<arg>${passwordInput_LoginPage}</arg>
<arg>${password}</arg>
<doc>Types the given `text` into text field identified by `locator`.</doc>
<msg timestamp="20240108 15:55:58.187" level="INFO">Typing text 'abc123' into text field '//android.widget.EditText[@resource-id="com.example.myapplication:id/password"]'</msg>
<msg timestamp="20240108 15:55:58.682" level="INFO">xpath criteria: //android.widget.EditText[@resource-id="com.example.myapplication:id/password"]</msg>
<status status="PASS" starttime="20240108 15:55:58.182" endtime="20240108 15:55:58.683"/>
</kw>
<status status="PASS" starttime="20240108 15:55:57.353" endtime="20240108 15:55:58.683"/>
</kw>
<kw name="Click Sign In on Login Page" library="loginPage">
<kw name="Click Element" library="AppiumLibrary">
<arg>${signIn_button_LoginPage}</arg>
<doc>Click element identified by `locator`.</doc>
<msg timestamp="20240108 15:55:58.687" level="INFO">Clicking element '//android.widget.Button[@resource-id="com.example.myapplication:id/signIn"]'.</msg>
<msg timestamp="20240108 15:55:59.572" level="INFO">xpath criteria: //android.widget.Button[@resource-id="com.example.myapplication:id/signIn"]</msg>
<status status="PASS" starttime="20240108 15:55:58.683" endtime="20240108 15:55:59.572"/>
</kw>
<status status="PASS" starttime="20240108 15:55:58.683" endtime="20240108 15:55:59.572"/>
</kw>
<status status="PASS" starttime="20240108 15:55:49.503" endtime="20240108 15:55:59.572"/>
</kw>
<status status="PASS" starttime="20240108 15:54:52.321" endtime="20240108 15:55:59.572"/>
</kw>
<kw name="Verify User Is Logged In" library="homePage">
<kw name="Wait Until Element Is Visible" library="AppiumLibrary">
<arg>${userName_text_homePage}</arg>
<doc>Waits until element specified with `locator` is visible.</doc>
<msg timestamp="20240108 15:56:01.365" level="INFO">xpath criteria: //android.widget.TextView[@resource-id="com.example.myapplication:id/textView"]
xpath criteria: //android.widget.TextView[@resource-id="com.example.myapplication:id/textView"]</msg>
<status status="PASS" starttime="20240108 15:55:59.600" endtime="20240108 15:56:01.365"/>
</kw>
<status status="PASS" starttime="20240108 15:55:59.599" endtime="20240108 15:56:01.365"/>
</kw>
<kw name="Click Button Book" library="homePage">
<kw name="Wait Until Element Is Visible" library="AppiumLibrary">
<arg>${book_button_homePage}</arg>
<doc>Waits until element specified with `locator` is visible.</doc>
<msg timestamp="20240108 15:56:01.671" level="INFO">xpath criteria: //android.widget.Button[@resource-id="com.example.myapplication:id/book"]</msg>
<status status="PASS" starttime="20240108 15:56:01.367" endtime="20240108 15:56:01.671"/>
</kw>
<kw name="Click Element" library="AppiumLibrary">
<arg>${book_button_homePage}</arg>
<doc>Click element identified by `locator`.</doc>
<msg timestamp="20240108 15:56:01.675" level="INFO">Clicking element '//android.widget.Button[@resource-id="com.example.myapplication:id/book"]'.</msg>
<msg timestamp="20240108 15:56:02.186" level="INFO">xpath criteria: //android.widget.Button[@resource-id="com.example.myapplication:id/book"]</msg>
<status status="PASS" starttime="20240108 15:56:01.671" endtime="20240108 15:56:02.186"/>
</kw>
<status status="PASS" starttime="20240108 15:56:01.366" endtime="20240108 15:56:02.186"/>
</kw>
<kw name="Verify Book Appears-OneWay" library="bookOnWayPage">
<kw name="Wait Until Element Is Visible" library="AppiumLibrary">
<arg>${oneWay_button }</arg>
<doc>Waits until element specified with `locator` is visible.</doc>
<msg timestamp="20240108 15:56:04.492" level="INFO">xpath criteria: //android.support.v7.app.ActionBar.Tab[@content-desc="One Way"]
xpath criteria: //android.support.v7.app.ActionBar.Tab[@content-desc="One Way"]</msg>
<status status="PASS" starttime="20240108 15:56:02.189" endtime="20240108 15:56:04.492"/>
</kw>
<kw name="Wait Until Element Is Visible" library="AppiumLibrary">
<arg>${logo_HomePage}</arg>
<doc>Waits until element specified with `locator` is visible.</doc>
<msg timestamp="20240108 15:56:04.678" level="INFO">xpath criteria: //android.widget.ImageView[@resource-id="com.example.myapplication:id/imageView4"]</msg>
<status status="PASS" starttime="20240108 15:56:04.492" endtime="20240108 15:56:04.678"/>
</kw>
<status status="PASS" starttime="20240108 15:56:02.189" endtime="20240108 15:56:04.678"/>
</kw>
<kw name="Click One-way Flight" library="bookOnWayPage">
<kw name="Click Element" library="AppiumLibrary">
<arg>${oneWay_button}</arg>
<doc>Click element identified by `locator`.</doc>
<msg timestamp="20240108 15:56:04.684" level="INFO">Clicking element '//android.support.v7.app.ActionBar.Tab[@content-desc="One Way"]'.</msg>
<msg timestamp="20240108 15:56:05.009" level="INFO">xpath criteria: //android.support.v7.app.ActionBar.Tab[@content-desc="One Way"]</msg>
<status status="PASS" starttime="20240108 15:56:04.680" endtime="20240108 15:56:05.009"/>
</kw>
<status status="PASS" starttime="20240108 15:56:04.679" endtime="20240108 15:56:05.009"/>
</kw>
<kw name="Choose From City Toronto" library="bookOnWayPage">
<kw name="Click Element" library="AppiumLibrary">
<arg>${formCity_button}</arg>
<doc>Click element identified by `locator`.</doc>
<msg timestamp="20240108 15:56:05.027" level="INFO">Clicking element '//android.widget.Spinner[@resource-id="com.example.myapplication:id/spinnerFrom"]'.</msg>
<msg timestamp="20240108 15:56:05.613" level="INFO">xpath criteria: //android.widget.Spinner[@resource-id="com.example.myapplication:id/spinnerFrom"]</msg>
<status status="PASS" starttime="20240108 15:56:05.023" endtime="20240108 15:56:05.613"/>
</kw>
<kw name="Wait Until Element Is Visible" library="AppiumLibrary">
<arg>${toronto}</arg>
<doc>Waits until element specified with `locator` is visible.</doc>
<msg timestamp="20240108 15:56:06.900" level="INFO">xpath criteria: //android.widget.TextView[@resource-id="android:id/text1" and @text="Toronto"]</msg>
<status status="PASS" starttime="20240108 15:56:05.613" endtime="20240108 15:56:06.900"/>
</kw>
<kw name="Click Element" library="AppiumLibrary">
<arg>${toronto}</arg>
<doc>Click element identified by `locator`.</doc>
<msg timestamp="20240108 15:56:06.904" level="INFO">Clicking element '//android.widget.TextView[@resource-id="android:id/text1" and @text="Toronto"]'.</msg>
<msg timestamp="20240108 15:56:07.326" level="INFO">xpath criteria: //android.widget.TextView[@resource-id="android:id/text1" and @text="Toronto"]</msg>
<status status="PASS" starttime="20240108 15:56:06.900" endtime="20240108 15:56:07.326"/>
</kw>
<status status="PASS" starttime="20240108 15:56:05.022" endtime="20240108 15:56:07.326"/>
</kw>
<kw name="Choose To City Ottawa" library="bookOnWayPage">
<kw name="Click Element" library="AppiumLibrary">
<arg>${toCity_button}</arg>
<doc>Click element identified by `locator`.</doc>
<msg timestamp="20240108 15:56:07.333" level="INFO">Clicking element '//android.widget.Spinner[@resource-id="com.example.myapplication:id/spinnerTo"]'.</msg>
<msg timestamp="20240108 15:56:08.782" level="INFO">xpath criteria: //android.widget.Spinner[@resource-id="com.example.myapplication:id/spinnerTo"]</msg>
<status status="PASS" starttime="20240108 15:56:07.330" endtime="20240108 15:56:08.782"/>
</kw>
<kw name="Wait Until Element Is Visible" library="AppiumLibrary">
<arg>${ottawa}</arg>
<doc>Waits until element specified with `locator` is visible.</doc>
<msg timestamp="20240108 15:56:09.929" level="INFO">xpath criteria: //android.widget.TextView[@resource-id="android:id/text1" and @text="Ottawa"]</msg>
<status status="PASS" starttime="20240108 15:56:08.782" endtime="20240108 15:56:09.929"/>
</kw>
<kw name="Click Element" library="AppiumLibrary">
<arg>${ottawa}</arg>
<doc>Click element identified by `locator`.</doc>
<msg timestamp="20240108 15:56:09.933" level="INFO">Clicking element '//android.widget.TextView[@resource-id="android:id/text1" and @text="Ottawa"]'.</msg>
<msg timestamp="20240108 15:56:10.866" level="INFO">xpath criteria: //android.widget.TextView[@resource-id="android:id/text1" and @text="Ottawa"]</msg>
<status status="PASS" starttime="20240108 15:56:09.929" endtime="20240108 15:56:10.866"/>
</kw>
<status status="PASS" starttime="20240108 15:56:07.330" endtime="20240108 15:56:10.866"/>
</kw>
<kw name="Choose Class First" library="bookOnWayPage">
<kw name="Click Element" library="AppiumLibrary">
<arg>${class_button}</arg>
<doc>Click element identified by `locator`.</doc>
<msg timestamp="20240108 15:56:10.872" level="INFO">Clicking element '//android.widget.Spinner[@resource-id="com.example.myapplication:id/spinnerClass"]'.</msg>
<msg timestamp="20240108 15:56:11.361" level="INFO">xpath criteria: //android.widget.Spinner[@resource-id="com.example.myapplication:id/spinnerClass"]</msg>
<status status="PASS" starttime="20240108 15:56:10.868" endtime="20240108 15:56:11.361"/>
</kw>
<kw name="Wait Until Element Is Visible" library="AppiumLibrary">
<arg>${first}</arg>
<doc>Waits until element specified with `locator` is visible.</doc>
<msg timestamp="20240108 15:56:12.732" level="INFO">xpath criteria: //android.widget.TextView[@resource-id="android:id/text1" and @text="First"]
xpath criteria: //android.widget.TextView[@resource-id="android:id/text1" and @text="First"]</msg>
<status status="PASS" starttime="20240108 15:56:11.361" endtime="20240108 15:56:12.732"/>
</kw>
<kw name="Click Element" library="AppiumLibrary">
<arg>${first}</arg>
<doc>Click element identified by `locator`.</doc>
<msg timestamp="20240108 15:56:12.738" level="INFO">Clicking element '//android.widget.TextView[@resource-id="android:id/text1" and @text="First"]'.</msg>
<msg timestamp="20240108 15:56:14.184" level="INFO">xpath criteria: //android.widget.TextView[@resource-id="android:id/text1" and @text="First"]</msg>
<status status="PASS" starttime="20240108 15:56:12.733" endtime="20240108 15:56:14.184"/>
</kw>
<status status="PASS" starttime="20240108 15:56:10.867" endtime="20240108 15:56:14.185"/>
</kw>
<kw name="Choose Start Date" library="bookOnWayPage">
<kw name="Click Element" library="AppiumLibrary">
<arg>${startDate_button}</arg>
<doc>Click element identified by `locator`.</doc>
<msg timestamp="20240108 15:56:14.189" level="INFO">Clicking element '//android.widget.TextView[@resource-id="com.example.myapplication:id/textStartDate"]'.</msg>
<msg timestamp="20240108 15:56:15.535" level="INFO">xpath criteria: //android.widget.TextView[@resource-id="com.example.myapplication:id/textStartDate"]</msg>
<status status="PASS" starttime="20240108 15:56:14.185" endtime="20240108 15:56:15.537"/>
</kw>
<kw name="Wait Until Element Is Visible" library="AppiumLibrary">
<arg>${17Ags19}</arg>
<doc>Waits until element specified with `locator` is visible.</doc>
<msg timestamp="20240108 15:56:18.196" level="INFO">xpath criteria: //android.view.View[@content-desc="17 August 2019"]
xpath criteria: //android.view.View[@content-desc="17 August 2019"]</msg>
<status status="PASS" starttime="20240108 15:56:15.537" endtime="20240108 15:56:18.197"/>
</kw>
<kw name="Click Element" library="AppiumLibrary">
<arg>${17Ags19}</arg>
<doc>Click element identified by `locator`.</doc>
<msg timestamp="20240108 15:56:18.201" level="INFO">Clicking element '//android.view.View[@content-desc="17 August 2019"]'.</msg>
<msg timestamp="20240108 15:56:19.515" level="INFO">xpath criteria: //android.view.View[@content-desc="17 August 2019"]</msg>
<status status="PASS" starttime="20240108 15:56:18.197" endtime="20240108 15:56:19.515"/>
</kw>
<kw name="Click Element" library="AppiumLibrary">
<arg>${okbtn}</arg>
<doc>Click element identified by `locator`.</doc>
<msg timestamp="20240108 15:56:19.520" level="INFO">Clicking element '//android.widget.Button[@resource-id="android:id/button1"]'.</msg>
<msg timestamp="20240108 15:56:20.013" level="INFO">xpath criteria: //android.widget.Button[@resource-id="android:id/button1"]</msg>
<status status="PASS" starttime="20240108 15:56:19.515" endtime="20240108 15:56:20.013"/>
</kw>
<status status="PASS" starttime="20240108 15:56:14.185" endtime="20240108 15:56:20.013"/>
</kw>
<kw name="Choose End Date" library="bookOnWayPage">
<kw name="Click Element" library="AppiumLibrary">
<arg>${endDate_button}</arg>
<doc>Click element identified by `locator`.</doc>
<msg timestamp="20240108 15:56:20.024" level="INFO">Clicking element '//android.widget.TextView[@resource-id="com.example.myapplication:id/textEndDate"]'.</msg>
<msg timestamp="20240108 15:56:21.018" level="INFO">xpath criteria: //android.widget.TextView[@resource-id="com.example.myapplication:id/textEndDate"]</msg>
<status status="PASS" starttime="20240108 15:56:20.019" endtime="20240108 15:56:21.018"/>
</kw>
<kw name="Wait Until Element Is Visible" library="AppiumLibrary">
<arg>${29Ags19}</arg>
<doc>Waits until element specified with `locator` is visible.</doc>
<msg timestamp="20240108 15:56:24.457" level="INFO">xpath criteria: //android.view.View[@content-desc="29 August 2019"]
xpath criteria: //android.view.View[@content-desc="29 August 2019"]</msg>
<status status="PASS" starttime="20240108 15:56:21.019" endtime="20240108 15:56:24.457"/>
</kw>
<kw name="Click Element" library="AppiumLibrary">
<arg>${29Ags19}</arg>
<doc>Click element identified by `locator`.</doc>
<msg timestamp="20240108 15:56:24.462" level="INFO">Clicking element '//android.view.View[@content-desc="29 August 2019"]'.</msg>
<msg timestamp="20240108 15:56:25.766" level="INFO">xpath criteria: //android.view.View[@content-desc="29 August 2019"]</msg>
<status status="PASS" starttime="20240108 15:56:24.457" endtime="20240108 15:56:25.766"/>
</kw>
<kw name="Click Element" library="AppiumLibrary">
<arg>${okbtn}</arg>
<doc>Click element identified by `locator`.</doc>
<msg timestamp="20240108 15:56:25.771" level="INFO">Clicking element '//android.widget.Button[@resource-id="android:id/button1"]'.</msg>
<msg timestamp="20240108 15:56:27.765" level="INFO">xpath criteria: //android.widget.Button[@resource-id="android:id/button1"]</msg>
<status status="PASS" starttime="20240108 15:56:25.766" endtime="20240108 15:56:27.765"/>
</kw>
<status status="PASS" starttime="20240108 15:56:20.019" endtime="20240108 15:56:27.765"/>
</kw>
<kw name="Choose Flight" library="bookOnWayPage">
<kw name="Wait Until Element Is Visible" library="AppiumLibrary">
<arg>${flight_button}</arg>
<doc>Waits until element specified with `locator` is visible.</doc>
<msg timestamp="20240108 15:56:28.539" level="INFO">xpath criteria: //android.widget.RadioButton[@resource-id="com.example.myapplication:id/radioButtonFlight"]</msg>
<status status="PASS" starttime="20240108 15:56:27.767" endtime="20240108 15:56:28.539"/>
</kw>
<kw name="Click Element" library="AppiumLibrary">
<arg>${flight_button}</arg>
<doc>Click element identified by `locator`.</doc>
<msg timestamp="20240108 15:56:28.543" level="INFO">Clicking element '//android.widget.RadioButton[@resource-id="com.example.myapplication:id/radioButtonFlight"]'.</msg>
<msg timestamp="20240108 15:56:28.825" level="INFO">xpath criteria: //android.widget.RadioButton[@resource-id="com.example.myapplication:id/radioButtonFlight"]</msg>
<status status="PASS" starttime="20240108 15:56:28.539" endtime="20240108 15:56:28.825"/>
</kw>
<status status="PASS" starttime="20240108 15:56:27.766" endtime="20240108 15:56:28.825"/>
</kw>
<kw name="Click Checkbox Day" library="bookOnWayPage">
<kw name="Wait Until Element Is Visible" library="AppiumLibrary">
<arg>${checkboxDay_button}</arg>
<doc>Waits until element specified with `locator` is visible.</doc>
<msg timestamp="20240108 15:56:29.981" level="INFO">xpath criteria: //android.widget.CheckBox[@resource-id="com.example.myapplication:id/checkBoxDay"]</msg>
<status status="PASS" starttime="20240108 15:56:28.826" endtime="20240108 15:56:29.981"/>
</kw>
<kw name="Click Element" library="AppiumLibrary">
<arg>${checkboxDay_button}</arg>
<doc>Click element identified by `locator`.</doc>
<msg timestamp="20240108 15:56:29.985" level="INFO">Clicking element '//android.widget.CheckBox[@resource-id="com.example.myapplication:id/checkBoxDay"]'.</msg>
<msg timestamp="20240108 15:56:30.447" level="INFO">xpath criteria: //android.widget.CheckBox[@resource-id="com.example.myapplication:id/checkBoxDay"]</msg>
<status status="PASS" starttime="20240108 15:56:29.981" endtime="20240108 15:56:30.448"/>
</kw>
<status status="PASS" starttime="20240108 15:56:28.826" endtime="20240108 15:56:30.448"/>
</kw>
<kw name="Click Button Book On Book Page" library="bookOnWayPage">
<kw name="Click Element" library="AppiumLibrary">
<arg>${book_button}</arg>
<doc>Click element identified by `locator`.</doc>
<msg timestamp="20240108 15:56:30.457" level="INFO">Clicking element '//android.widget.Button[@resource-id="com.example.myapplication:id/book_flight"]'.</msg>
<msg timestamp="20240108 15:56:31.443" level="INFO">xpath criteria: //android.widget.Button[@resource-id="com.example.myapplication:id/book_flight"]</msg>
<status status="PASS" starttime="20240108 15:56:30.451" endtime="20240108 15:56:31.444"/>
</kw>
<status status="PASS" starttime="20240108 15:56:30.451" endtime="20240108 15:56:31.444"/>
</kw>
<kw name="Choose Price and Confirm" library="bookOnWayPage">
<kw name="Wait Until Element Is Visible" library="AppiumLibrary">
<arg>${confirm_button}</arg>
<doc>Waits until element specified with `locator` is visible.</doc>
<msg timestamp="20240108 15:56:32.883" level="INFO">xpath criteria: //android.widget.Button[@resource-id="com.example.myapplication:id/confirm_order"]
xpath criteria: //android.widget.Button[@resource-id="com.example.myapplication:id/confirm_order"]</msg>
<status status="PASS" starttime="20240108 15:56:31.448" endtime="20240108 15:56:32.883"/>
</kw>
<kw name="Click Element" library="AppiumLibrary">
<arg>${price}</arg>
<doc>Click element identified by `locator`.</doc>
<msg timestamp="20240108 15:56:32.887" level="INFO">Clicking element '//android.widget.Button[@resource-id="com.example.myapplication:id/price1"]'.</msg>
<msg timestamp="20240108 15:56:33.828" level="INFO">xpath criteria: //android.widget.Button[@resource-id="com.example.myapplication:id/price1"]</msg>
<status status="PASS" starttime="20240108 15:56:32.883" endtime="20240108 15:56:33.828"/>
</kw>
<kw name="Click Element" library="AppiumLibrary">
<arg>${confirm_button}</arg>
<doc>Click element identified by `locator`.</doc>
<msg timestamp="20240108 15:56:33.833" level="INFO">Clicking element '//android.widget.Button[@resource-id="com.example.myapplication:id/confirm_order"]'.</msg>
<msg timestamp="20240108 15:56:34.087" level="INFO">xpath criteria: //android.widget.Button[@resource-id="com.example.myapplication:id/confirm_order"]</msg>
<status status="PASS" starttime="20240108 15:56:33.828" endtime="20240108 15:56:34.087"/>
</kw>
<status status="PASS" starttime="20240108 15:56:31.446" endtime="20240108 15:56:34.087"/>
</kw>
<kw name="Verify User Success Booking" library="homePage">
<kw name="Wait Until Element Is Visible" library="AppiumLibrary">
<arg>${code_booking}</arg>
<doc>Waits until element specified with `locator` is visible.</doc>
<msg timestamp="20240108 15:56:35.207" level="INFO">xpath criteria: //android.widget.CheckedTextView[@resource-id="com.example.myapplication:id/checkedTextView"]
xpath criteria: //android.widget.CheckedTextView[@resource-id="com.example.myapplication:id/checkedTextView"]</msg>
<status status="PASS" starttime="20240108 15:56:34.088" endtime="20240108 15:56:35.207"/>
</kw>
<status status="PASS" starttime="20240108 15:56:34.088" endtime="20240108 15:56:35.207"/>
</kw>
<kw name="Close Flight Application" library="base" type="TEARDOWN">
<kw name="Close Application" library="AppiumLibrary">
<doc>Closes the current application and also close webdriver session.</doc>
<status status="PASS" starttime="20240108 15:56:35.211" endtime="20240108 15:56:37.486"/>
</kw>
<status status="PASS" starttime="20240108 15:56:35.210" endtime="20240108 15:56:37.486"/>
</kw>
<status status="PASS" starttime="20240108 15:54:52.319" endtime="20240108 15:56:37.493"/>
</test>
<test id="s1-s1-t2" name="TC002-Booking with form city Ney York - Paris- First - Flight - with date" line="36">
<kw name="Run Keywords" library="BuiltIn" type="SETUP">
<arg>Open Flight Application</arg>
<arg>Login with valid credentials</arg>
<doc>Executes all the given keywords in a sequence.</doc>
<kw name="Open Flight Application" library="base">
<kw name="Open Application" library="AppiumLibrary">
<arg>remote_url=${REMOTE_URL}</arg>
<arg>platformName=${PLATFORM_NAME}</arg>
<arg>platformVersion=${PLATFORM_VERSION}</arg>
<arg>deviceName=${DEVICE_NAME}</arg>
<arg>appPackage=${APP_PACKAGE}</arg>
<arg>appActivity=${APP_ACTIVITY}</arg>
<doc>Opens a new application to given Appium server.
Capabilities of appium server, Android and iOS,
Please check https://github.com/appium/appium/blob/master/docs/en/writing-running-appium/server-args.md
| *Option*            | *Man.* | *Description*     |
| remote_url          | Yes    | Appium server url |
| alias               | no     | alias             |
| strict_ssl          | No     | allows you to send commands to an invalid certificate host like a self-signed one. |</doc>
<status status="PASS" starttime="20240108 15:56:37.499" endtime="20240108 15:57:10.225"/>
</kw>
<status status="PASS" starttime="20240108 15:56:37.498" endtime="20240108 15:57:10.225"/>
</kw>
<kw name="Login with valid credentials" library="loginPage">
<kw name="Verify Home Page Appears" library="homePage">
<kw name="Wait Until Element Is Visible" library="AppiumLibrary">
<arg>${logo_HomePage}</arg>
<doc>Waits until element specified with `locator` is visible.</doc>
<msg timestamp="20240108 15:57:11.939" level="INFO">xpath criteria: //android.widget.ImageView[@resource-id="com.example.myapplication:id/imageView4"]</msg>
<status status="PASS" starttime="20240108 15:57:10.227" endtime="20240108 15:57:11.939"/>
</kw>
<status status="PASS" starttime="20240108 15:57:10.226" endtime="20240108 15:57:11.939"/>
</kw>
<kw name="Click Sign In Button On Home Page" library="homePage">
<kw name="Wait Until Element Is Visible" library="AppiumLibrary">
<arg>${signIN_button_homepage}</arg>
<doc>Waits until element specified with `locator` is visible.</doc>
<msg timestamp="20240108 15:57:12.232" level="INFO">xpath criteria: //android.widget.Button[@resource-id="com.example.myapplication:id/login"]</msg>
<status status="PASS" starttime="20240108 15:57:11.939" endtime="20240108 15:57:12.232"/>
</kw>
<kw name="Click Element" library="AppiumLibrary">
<arg>${signIN_button_homepage}</arg>
<doc>Click element identified by `locator`.</doc>
<msg timestamp="20240108 15:57:12.235" level="INFO">Clicking element '//android.widget.Button[@resource-id="com.example.myapplication:id/login"]'.</msg>
<msg timestamp="20240108 15:57:12.516" level="INFO">xpath criteria: //android.widget.Button[@resource-id="com.example.myapplication:id/login"]</msg>
<status status="PASS" starttime="20240108 15:57:12.232" endtime="20240108 15:57:12.516"/>
</kw>
<status status="PASS" starttime="20240108 15:57:11.939" endtime="20240108 15:57:12.516"/>
</kw>
<kw name="Verify Login Appears" library="loginPage">
<kw name="Wait Until Element Is Visible" library="AppiumLibrary">
<arg>${emailInput_LoginPage}</arg>
<doc>Waits until element specified with `locator` is visible.</doc>
<msg timestamp="20240108 15:57:14.169" level="INFO">xpath criteria: //android.widget.EditText[@resource-id="com.example.myapplication:id/username"]
xpath criteria: //android.widget.EditText[@resource-id="com.example.myapplication:id/username"]</msg>
<status status="PASS" starttime="20240108 15:57:12.517" endtime="20240108 15:57:14.169"/>
</kw>
<kw name="Wait Until Element Is Visible" library="AppiumLibrary">
<arg>${passwordInput_LoginPage}</arg>
<doc>Waits until element specified with `locator` is visible.</doc>
<msg timestamp="20240108 15:57:14.456" level="INFO">xpath criteria: //android.widget.EditText[@resource-id="com.example.myapplication:id/password"]</msg>
<status status="PASS" starttime="20240108 15:57:14.169" endtime="20240108 15:57:14.457"/>
</kw>
<kw name="Wait Until Element Is Visible" library="AppiumLibrary">
<arg>${signIn_button_LoginPage}</arg>
<doc>Waits until element specified with `locator` is visible.</doc>
<msg timestamp="20240108 15:57:14.789" level="INFO">xpath criteria: //android.widget.Button[@resource-id="com.example.myapplication:id/signIn"]</msg>
<status status="PASS" starttime="20240108 15:57:14.457" endtime="20240108 15:57:14.789"/>
</kw>
<status status="PASS" starttime="20240108 15:57:12.517" endtime="20240108 15:57:14.789"/>
</kw>
<kw name="Input User Email on Login Page" library="loginPage">
<arg>${email}</arg>
<kw name="Wait Until Element Is Visible" library="AppiumLibrary">
<arg>${emailInput_LoginPage}</arg>
<doc>Waits until element specified with `locator` is visible.</doc>
<msg timestamp="20240108 15:57:15.067" level="INFO">xpath criteria: //android.widget.EditText[@resource-id="com.example.myapplication:id/username"]</msg>
<status status="PASS" starttime="20240108 15:57:14.790" endtime="20240108 15:57:15.067"/>
</kw>
<kw name="Input Text" library="AppiumLibrary">
<arg>${emailInput_LoginPage}</arg>
<arg>${email}</arg>
<doc>Types the given `text` into text field identified by `locator`.</doc>
<msg timestamp="20240108 15:57:15.071" level="INFO">Typing text 'support@ngendigital.com' into text field '//android.widget.EditText[@resource-id="com.example.myapplication:id/username"]'</msg>
<msg timestamp="20240108 15:57:15.676" level="INFO">xpath criteria: //android.widget.EditText[@resource-id="com.example.myapplication:id/username"]</msg>
<status status="PASS" starttime="20240108 15:57:15.067" endtime="20240108 15:57:15.676"/>
</kw>
<status status="PASS" starttime="20240108 15:57:14.790" endtime="20240108 15:57:15.676"/>
</kw>
<kw name="Input User Password on Login Page" library="loginPage">
<arg>${password}</arg>
<kw name="Wait Until Element Is Visible" library="AppiumLibrary">
<arg>${passwordInput_LoginPage}</arg>
<doc>Waits until element specified with `locator` is visible.</doc>
<msg timestamp="20240108 15:57:16.328" level="INFO">xpath criteria: //android.widget.EditText[@resource-id="com.example.myapplication:id/password"]</msg>
<status status="PASS" starttime="20240108 15:57:15.676" endtime="20240108 15:57:16.329"/>
</kw>
<kw name="Input Text" library="AppiumLibrary">
<arg>${passwordInput_LoginPage}</arg>
<arg>${password}</arg>
<doc>Types the given `text` into text field identified by `locator`.</doc>
<msg timestamp="20240108 15:57:16.334" level="INFO">Typing text 'abc123' into text field '//android.widget.EditText[@resource-id="com.example.myapplication:id/password"]'</msg>
<msg timestamp="20240108 15:57:16.597" level="INFO">xpath criteria: //android.widget.EditText[@resource-id="com.example.myapplication:id/password"]</msg>
<status status="PASS" starttime="20240108 15:57:16.329" endtime="20240108 15:57:16.597"/>
</kw>
<status status="PASS" starttime="20240108 15:57:15.676" endtime="20240108 15:57:16.597"/>
</kw>
<kw name="Click Sign In on Login Page" library="loginPage">
<kw name="Click Element" library="AppiumLibrary">
<arg>${signIn_button_LoginPage}</arg>
<doc>Click element identified by `locator`.</doc>
<msg timestamp="20240108 15:57:16.602" level="INFO">Clicking element '//android.widget.Button[@resource-id="com.example.myapplication:id/signIn"]'.</msg>
<msg timestamp="20240108 15:57:17.477" level="INFO">xpath criteria: //android.widget.Button[@resource-id="com.example.myapplication:id/signIn"]</msg>
<status status="PASS" starttime="20240108 15:57:16.598" endtime="20240108 15:57:17.477"/>
</kw>
<status status="PASS" starttime="20240108 15:57:16.598" endtime="20240108 15:57:17.477"/>
</kw>
<status status="PASS" starttime="20240108 15:57:10.225" endtime="20240108 15:57:17.477"/>
</kw>
<status status="PASS" starttime="20240108 15:56:37.498" endtime="20240108 15:57:17.478"/>
</kw>
<kw name="Verify User Is Logged In" library="homePage">
<kw name="Wait Until Element Is Visible" library="AppiumLibrary">
<arg>${userName_text_homePage}</arg>
<doc>Waits until element specified with `locator` is visible.</doc>
<msg timestamp="20240108 15:57:19.096" level="INFO">xpath criteria: //android.widget.TextView[@resource-id="com.example.myapplication:id/textView"]
xpath criteria: //android.widget.TextView[@resource-id="com.example.myapplication:id/textView"]</msg>
<status status="PASS" starttime="20240108 15:57:17.481" endtime="20240108 15:57:19.096"/>
</kw>
<status status="PASS" starttime="20240108 15:57:17.481" endtime="20240108 15:57:19.096"/>
</kw>
<kw name="Click Button Book" library="homePage">
<kw name="Wait Until Element Is Visible" library="AppiumLibrary">
<arg>${book_button_homePage}</arg>
<doc>Waits until element specified with `locator` is visible.</doc>
<msg timestamp="20240108 15:57:19.963" level="INFO">xpath criteria: //android.widget.Button[@resource-id="com.example.myapplication:id/book"]</msg>
<status status="PASS" starttime="20240108 15:57:19.098" endtime="20240108 15:57:19.963"/>
</kw>
<kw name="Click Element" library="AppiumLibrary">
<arg>${book_button_homePage}</arg>
<doc>Click element identified by `locator`.</doc>
<msg timestamp="20240108 15:57:19.967" level="INFO">Clicking element '//android.widget.Button[@resource-id="com.example.myapplication:id/book"]'.</msg>
<msg timestamp="20240108 15:57:20.329" level="INFO">xpath criteria: //android.widget.Button[@resource-id="com.example.myapplication:id/book"]</msg>
<status status="PASS" starttime="20240108 15:57:19.964" endtime="20240108 15:57:20.329"/>
</kw>
<status status="PASS" starttime="20240108 15:57:19.096" endtime="20240108 15:57:20.329"/>
</kw>
<kw name="Verify Book Appears-OneWay" library="bookOnWayPage">
<kw name="Wait Until Element Is Visible" library="AppiumLibrary">
<arg>${oneWay_button }</arg>
<doc>Waits until element specified with `locator` is visible.</doc>
<msg timestamp="20240108 15:57:22.442" level="INFO">xpath criteria: //android.support.v7.app.ActionBar.Tab[@content-desc="One Way"]
xpath criteria: //android.support.v7.app.ActionBar.Tab[@content-desc="One Way"]</msg>
<status status="PASS" starttime="20240108 15:57:20.340" endtime="20240108 15:57:22.444"/>
</kw>
<kw name="Wait Until Element Is Visible" library="AppiumLibrary">
<arg>${logo_HomePage}</arg>
<doc>Waits until element specified with `locator` is visible.</doc>
<msg timestamp="20240108 15:57:22.778" level="INFO">xpath criteria: //android.widget.ImageView[@resource-id="com.example.myapplication:id/imageView4"]</msg>
<status status="PASS" starttime="20240108 15:57:22.444" endtime="20240108 15:57:22.778"/>
</kw>
<status status="PASS" starttime="20240108 15:57:20.340" endtime="20240108 15:57:22.778"/>
</kw>
<kw name="Click One-way Flight" library="bookOnWayPage">
<kw name="Click Element" library="AppiumLibrary">
<arg>${oneWay_button}</arg>
<doc>Click element identified by `locator`.</doc>
<msg timestamp="20240108 15:57:22.784" level="INFO">Clicking element '//android.support.v7.app.ActionBar.Tab[@content-desc="One Way"]'.</msg>
<msg timestamp="20240108 15:57:23.215" level="INFO">xpath criteria: //android.support.v7.app.ActionBar.Tab[@content-desc="One Way"]</msg>
<status status="PASS" starttime="20240108 15:57:22.780" endtime="20240108 15:57:23.215"/>
</kw>
<status status="PASS" starttime="20240108 15:57:22.779" endtime="20240108 15:57:23.216"/>
</kw>
<kw name="Choose From City New York" library="bookOnWayPage">
<kw name="Click Element" library="AppiumLibrary">
<arg>${formCity_button}</arg>
<doc>Click element identified by `locator`.</doc>
<msg timestamp="20240108 15:57:23.224" level="INFO">Clicking element '//android.widget.Spinner[@resource-id="com.example.myapplication:id/spinnerFrom"]'.</msg>
<msg timestamp="20240108 15:57:24.139" level="INFO">xpath criteria: //android.widget.Spinner[@resource-id="com.example.myapplication:id/spinnerFrom"]</msg>
<status status="PASS" starttime="20240108 15:57:23.221" endtime="20240108 15:57:24.140"/>
</kw>
<kw name="Wait Until Element Is Visible" library="AppiumLibrary">
<arg>${newyork}</arg>
<doc>Waits until element specified with `locator` is visible.</doc>
<msg timestamp="20240108 15:57:25.618" level="INFO">xpath criteria: //android.widget.TextView[@resource-id="android:id/text1" and @text="New York"]
xpath criteria: //android.widget.TextView[@resource-id="android:id/text1" and @text="New York"]</msg>
<status status="PASS" starttime="20240108 15:57:24.140" endtime="20240108 15:57:25.618"/>
</kw>
<kw name="Click Element" library="AppiumLibrary">
<arg>${newyork}</arg>
<doc>Click element identified by `locator`.</doc>
<msg timestamp="20240108 15:57:25.622" level="INFO">Clicking element '//android.widget.TextView[@resource-id="android:id/text1" and @text="New York"]'.</msg>
<msg timestamp="20240108 15:57:26.899" level="INFO">xpath criteria: //android.widget.TextView[@resource-id="android:id/text1" and @text="New York"]</msg>
<status status="PASS" starttime="20240108 15:57:25.619" endtime="20240108 15:57:26.900"/>
</kw>
<status status="PASS" starttime="20240108 15:57:23.220" endtime="20240108 15:57:26.900"/>
</kw>
<kw name="Choose To City Paris" library="bookOnWayPage">
<kw name="Click Element" library="AppiumLibrary">
<arg>${toCity_button}</arg>
<doc>Click element identified by `locator`.</doc>
<msg timestamp="20240108 15:57:26.908" level="INFO">Clicking element '//android.widget.Spinner[@resource-id="com.example.myapplication:id/spinnerTo"]'.</msg>
<msg timestamp="20240108 15:57:27.228" level="INFO">xpath criteria: //android.widget.Spinner[@resource-id="com.example.myapplication:id/spinnerTo"]</msg>
<status status="PASS" starttime="20240108 15:57:26.905" endtime="20240108 15:57:27.228"/>
</kw>
<kw name="Wait Until Element Is Visible" library="AppiumLibrary">
<arg>${paris}</arg>
<doc>Waits until element specified with `locator` is visible.</doc>
<msg timestamp="20240108 15:57:28.374" level="INFO">xpath criteria: //android.widget.TextView[@resource-id="android:id/text1" and @text="Paris"]
xpath criteria: //android.widget.TextView[@resource-id="android:id/text1" and @text="Paris"]</msg>
<status status="PASS" starttime="20240108 15:57:27.229" endtime="20240108 15:57:28.374"/>
</kw>
<kw name="Click Element" library="AppiumLibrary">
<arg>${paris}</arg>
<doc>Click element identified by `locator`.</doc>
<msg timestamp="20240108 15:57:28.377" level="INFO">Clicking element '//android.widget.TextView[@resource-id="android:id/text1" and @text="Paris"]'.</msg>
<msg timestamp="20240108 15:57:28.553" level="INFO">xpath criteria: //android.widget.TextView[@resource-id="android:id/text1" and @text="Paris"]</msg>
<status status="PASS" starttime="20240108 15:57:28.374" endtime="20240108 15:57:28.553"/>
</kw>
<status status="PASS" starttime="20240108 15:57:26.904" endtime="20240108 15:57:28.553"/>
</kw>
<kw name="Choose Class First" library="bookOnWayPage">
<kw name="Click Element" library="AppiumLibrary">
<arg>${class_button}</arg>
<doc>Click element identified by `locator`.</doc>
<msg timestamp="20240108 15:57:28.565" level="INFO">Clicking element '//android.widget.Spinner[@resource-id="com.example.myapplication:id/spinnerClass"]'.</msg>
<msg timestamp="20240108 15:57:29.759" level="INFO">xpath criteria: //android.widget.Spinner[@resource-id="com.example.myapplication:id/spinnerClass"]</msg>
<status status="PASS" starttime="20240108 15:57:28.562" endtime="20240108 15:57:29.759"/>
</kw>
<kw name="Wait Until Element Is Visible" library="AppiumLibrary">
<arg>${first}</arg>
<doc>Waits until element specified with `locator` is visible.</doc>
<msg timestamp="20240108 15:57:30.865" level="INFO">xpath criteria: //android.widget.TextView[@resource-id="android:id/text1" and @text="First"]</msg>
<status status="PASS" starttime="20240108 15:57:29.760" endtime="20240108 15:57:30.865"/>
</kw>
<kw name="Click Element" library="AppiumLibrary">
<arg>${first}</arg>
<doc>Click element identified by `locator`.</doc>
<msg timestamp="20240108 15:57:30.868" level="INFO">Clicking element '//android.widget.TextView[@resource-id="android:id/text1" and @text="First"]'.</msg>
<msg timestamp="20240108 15:57:31.984" level="INFO">xpath criteria: //android.widget.TextView[@resource-id="android:id/text1" and @text="First"]</msg>
<status status="PASS" starttime="20240108 15:57:30.865" endtime="20240108 15:57:31.985"/>
</kw>
<status status="PASS" starttime="20240108 15:57:28.562" endtime="20240108 15:57:31.985"/>
</kw>
<kw name="Choose Start Date" library="bookOnWayPage">
<kw name="Click Element" library="AppiumLibrary">
<arg>${startDate_button}</arg>
<doc>Click element identified by `locator`.</doc>
<msg timestamp="20240108 15:57:31.990" level="INFO">Clicking element '//android.widget.TextView[@resource-id="com.example.myapplication:id/textStartDate"]'.</msg>
<msg timestamp="20240108 15:57:32.531" level="INFO">xpath criteria: //android.widget.TextView[@resource-id="com.example.myapplication:id/textStartDate"]</msg>
<status status="PASS" starttime="20240108 15:57:31.986" endtime="20240108 15:57:32.531"/>
</kw>
<kw name="Wait Until Element Is Visible" library="AppiumLibrary">
<arg>${17Ags19}</arg>
<doc>Waits until element specified with `locator` is visible.</doc>
<msg timestamp="20240108 15:57:34.359" level="INFO">xpath criteria: //android.view.View[@content-desc="17 August 2019"]
xpath criteria: //android.view.View[@content-desc="17 August 2019"]</msg>
<status status="PASS" starttime="20240108 15:57:32.532" endtime="20240108 15:57:34.360"/>
</kw>
<kw name="Click Element" library="AppiumLibrary">
<arg>${17Ags19}</arg>
<doc>Click element identified by `locator`.</doc>
<msg timestamp="20240108 15:57:34.363" level="INFO">Clicking element '//android.view.View[@content-desc="17 August 2019"]'.</msg>
<msg timestamp="20240108 15:57:35.724" level="INFO">xpath criteria: //android.view.View[@content-desc="17 August 2019"]</msg>
<status status="PASS" starttime="20240108 15:57:34.360" endtime="20240108 15:57:35.724"/>
</kw>
<kw name="Click Element" library="AppiumLibrary">
<arg>${okbtn}</arg>
<doc>Click element identified by `locator`.</doc>
<msg timestamp="20240108 15:57:35.729" level="INFO">Clicking element '//android.widget.Button[@resource-id="android:id/button1"]'.</msg>
<msg timestamp="20240108 15:57:36.067" level="INFO">xpath criteria: //android.widget.Button[@resource-id="android:id/button1"]</msg>
<status status="PASS" starttime="20240108 15:57:35.724" endtime="20240108 15:57:36.067"/>
</kw>
<status status="PASS" starttime="20240108 15:57:31.986" endtime="20240108 15:57:36.067"/>
</kw>
<kw name="Choose End Date" library="bookOnWayPage">
<kw name="Click Element" library="AppiumLibrary">
<arg>${endDate_button}</arg>
<doc>Click element identified by `locator`.</doc>
<msg timestamp="20240108 15:57:36.079" level="INFO">Clicking element '//android.widget.TextView[@resource-id="com.example.myapplication:id/textEndDate"]'.</msg>
<msg timestamp="20240108 15:57:36.901" level="INFO">xpath criteria: //android.widget.TextView[@resource-id="com.example.myapplication:id/textEndDate"]</msg>
<status status="PASS" starttime="20240108 15:57:36.076" endtime="20240108 15:57:36.901"/>
</kw>
<kw name="Wait Until Element Is Visible" library="AppiumLibrary">
<arg>${29Ags19}</arg>
<doc>Waits until element specified with `locator` is visible.</doc>
<msg timestamp="20240108 15:57:38.442" level="INFO">xpath criteria: //android.view.View[@content-desc="29 August 2019"]
xpath criteria: //android.view.View[@content-desc="29 August 2019"]</msg>
<status status="PASS" starttime="20240108 15:57:36.901" endtime="20240108 15:57:38.442"/>
</kw>
<kw name="Click Element" library="AppiumLibrary">
<arg>${29Ags19}</arg>
<doc>Click element identified by `locator`.</doc>
<msg timestamp="20240108 15:57:38.446" level="INFO">Clicking element '//android.view.View[@content-desc="29 August 2019"]'.</msg>
<msg timestamp="20240108 15:57:38.769" level="INFO">xpath criteria: //android.view.View[@content-desc="29 August 2019"]</msg>
<status status="PASS" starttime="20240108 15:57:38.442" endtime="20240108 15:57:38.770"/>
</kw>
<kw name="Click Element" library="AppiumLibrary">
<arg>${okbtn}</arg>
<doc>Click element identified by `locator`.</doc>
<msg timestamp="20240108 15:57:38.774" level="INFO">Clicking element '//android.widget.Button[@resource-id="android:id/button1"]'.</msg>
<msg timestamp="20240108 15:57:39.608" level="INFO">xpath criteria: //android.widget.Button[@resource-id="android:id/button1"]</msg>
<status status="PASS" starttime="20240108 15:57:38.770" endtime="20240108 15:57:39.608"/>
</kw>
<status status="PASS" starttime="20240108 15:57:36.076" endtime="20240108 15:57:39.608"/>
</kw>
<kw name="Choose Flight" library="bookOnWayPage">
<kw name="Wait Until Element Is Visible" library="AppiumLibrary">
<arg>${flight_button}</arg>
<doc>Waits until element specified with `locator` is visible.</doc>
<msg timestamp="20240108 15:57:40.434" level="INFO">xpath criteria: //android.widget.RadioButton[@resource-id="com.example.myapplication:id/radioButtonFlight"]</msg>
<status status="PASS" starttime="20240108 15:57:39.609" endtime="20240108 15:57:40.434"/>
</kw>
<kw name="Click Element" library="AppiumLibrary">
<arg>${flight_button}</arg>
<doc>Click element identified by `locator`.</doc>
<msg timestamp="20240108 15:57:40.439" level="INFO">Clicking element '//android.widget.RadioButton[@resource-id="com.example.myapplication:id/radioButtonFlight"]'.</msg>
<msg timestamp="20240108 15:57:40.641" level="INFO">xpath criteria: //android.widget.RadioButton[@resource-id="com.example.myapplication:id/radioButtonFlight"]</msg>
<status status="PASS" starttime="20240108 15:57:40.435" endtime="20240108 15:57:40.642"/>
</kw>
<status status="PASS" starttime="20240108 15:57:39.609" endtime="20240108 15:57:40.642"/>
</kw>
<kw name="Click Checkbox Day" library="bookOnWayPage">
<kw name="Wait Until Element Is Visible" library="AppiumLibrary">
<arg>${checkboxDay_button}</arg>
<doc>Waits until element specified with `locator` is visible.</doc>
<msg timestamp="20240108 15:57:41.322" level="INFO">xpath criteria: //android.widget.CheckBox[@resource-id="com.example.myapplication:id/checkBoxDay"]</msg>
<status status="PASS" starttime="20240108 15:57:40.670" endtime="20240108 15:57:41.322"/>
</kw>
<kw name="Click Element" library="AppiumLibrary">
<arg>${checkboxDay_button}</arg>
<doc>Click element identified by `locator`.</doc>
<msg timestamp="20240108 15:57:41.326" level="INFO">Clicking element '//android.widget.CheckBox[@resource-id="com.example.myapplication:id/checkBoxDay"]'.</msg>
<msg timestamp="20240108 15:57:41.693" level="INFO">xpath criteria: //android.widget.CheckBox[@resource-id="com.example.myapplication:id/checkBoxDay"]</msg>
<status status="PASS" starttime="20240108 15:57:41.323" endtime="20240108 15:57:41.693"/>
</kw>
<status status="PASS" starttime="20240108 15:57:40.669" endtime="20240108 15:57:41.693"/>
</kw>
<kw name="Click Button Book On Book Page" library="bookOnWayPage">
<kw name="Click Element" library="AppiumLibrary">
<arg>${book_button}</arg>
<doc>Click element identified by `locator`.</doc>
<msg timestamp="20240108 15:57:41.702" level="INFO">Clicking element '//android.widget.Button[@resource-id="com.example.myapplication:id/book_flight"]'.</msg>
<msg timestamp="20240108 15:57:42.365" level="INFO">xpath criteria: //android.widget.Button[@resource-id="com.example.myapplication:id/book_flight"]</msg>
<status status="PASS" starttime="20240108 15:57:41.699" endtime="20240108 15:57:42.365"/>
</kw>
<status status="PASS" starttime="20240108 15:57:41.698" endtime="20240108 15:57:42.365"/>
</kw>
<kw name="Choose Price and Confirm" library="bookOnWayPage">
<kw name="Wait Until Element Is Visible" library="AppiumLibrary">
<arg>${confirm_button}</arg>
<doc>Waits until element specified with `locator` is visible.</doc>
<msg timestamp="20240108 15:57:43.925" level="INFO">xpath criteria: //android.widget.Button[@resource-id="com.example.myapplication:id/confirm_order"]
xpath criteria: //android.widget.Button[@resource-id="com.example.myapplication:id/confirm_order"]</msg>
<status status="PASS" starttime="20240108 15:57:42.373" endtime="20240108 15:57:43.926"/>
</kw>
<kw name="Click Element" library="AppiumLibrary">
<arg>${price}</arg>
<doc>Click element identified by `locator`.</doc>
<msg timestamp="20240108 15:57:43.930" level="INFO">Clicking element '//android.widget.Button[@resource-id="com.example.myapplication:id/price1"]'.</msg>
<msg timestamp="20240108 15:57:44.865" level="INFO">xpath criteria: //android.widget.Button[@resource-id="com.example.myapplication:id/price1"]</msg>
<status status="PASS" starttime="20240108 15:57:43.926" endtime="20240108 15:57:44.865"/>
</kw>
<kw name="Click Element" library="AppiumLibrary">
<arg>${confirm_button}</arg>
<doc>Click element identified by `locator`.</doc>
<msg timestamp="20240108 15:57:44.869" level="INFO">Clicking element '//android.widget.Button[@resource-id="com.example.myapplication:id/confirm_order"]'.</msg>
<msg timestamp="20240108 15:57:45.147" level="INFO">xpath criteria: //android.widget.Button[@resource-id="com.example.myapplication:id/confirm_order"]</msg>
<status status="PASS" starttime="20240108 15:57:44.865" endtime="20240108 15:57:45.147"/>
</kw>
<status status="PASS" starttime="20240108 15:57:42.373" endtime="20240108 15:57:45.147"/>
</kw>
<kw name="Verify User Success Booking" library="homePage">
<kw name="Wait Until Element Is Visible" library="AppiumLibrary">
<arg>${code_booking}</arg>
<doc>Waits until element specified with `locator` is visible.</doc>
<msg timestamp="20240108 15:57:46.210" level="INFO">xpath criteria: //android.widget.CheckedTextView[@resource-id="com.example.myapplication:id/checkedTextView"]
xpath criteria: //android.widget.CheckedTextView[@resource-id="com.example.myapplication:id/checkedTextView"]</msg>
<status status="PASS" starttime="20240108 15:57:45.149" endtime="20240108 15:57:46.211"/>
</kw>
<status status="PASS" starttime="20240108 15:57:45.148" endtime="20240108 15:57:46.211"/>
</kw>
<kw name="Close Flight Application" library="base" type="TEARDOWN">
<kw name="Close Application" library="AppiumLibrary">
<doc>Closes the current application and also close webdriver session.</doc>
<status status="PASS" starttime="20240108 15:57:46.212" endtime="20240108 15:57:48.153"/>
</kw>
<status status="PASS" starttime="20240108 15:57:46.212" endtime="20240108 15:57:48.153"/>
</kw>
<status status="PASS" starttime="20240108 15:56:37.495" endtime="20240108 15:57:48.155"/>
</test>
<test id="s1-s1-t3" name="TC003-Booking with form city Chicago - Ottawa - First - Flight - with date" line="55">
<kw name="Run Keywords" library="BuiltIn" type="SETUP">
<arg>Open Flight Application</arg>
<arg>Login with valid credentials</arg>
<doc>Executes all the given keywords in a sequence.</doc>
<kw name="Open Flight Application" library="base">
<kw name="Open Application" library="AppiumLibrary">
<arg>remote_url=${REMOTE_URL}</arg>
<arg>platformName=${PLATFORM_NAME}</arg>
<arg>platformVersion=${PLATFORM_VERSION}</arg>
<arg>deviceName=${DEVICE_NAME}</arg>
<arg>appPackage=${APP_PACKAGE}</arg>
<arg>appActivity=${APP_ACTIVITY}</arg>
<doc>Opens a new application to given Appium server.
Capabilities of appium server, Android and iOS,
Please check https://github.com/appium/appium/blob/master/docs/en/writing-running-appium/server-args.md
| *Option*            | *Man.* | *Description*     |
| remote_url          | Yes    | Appium server url |
| alias               | no     | alias             |
| strict_ssl          | No     | allows you to send commands to an invalid certificate host like a self-signed one. |</doc>
<status status="PASS" starttime="20240108 15:57:48.162" endtime="20240108 15:58:20.781"/>
</kw>
<status status="PASS" starttime="20240108 15:57:48.162" endtime="20240108 15:58:20.781"/>
</kw>
<kw name="Login with valid credentials" library="loginPage">
<kw name="Verify Home Page Appears" library="homePage">
<kw name="Wait Until Element Is Visible" library="AppiumLibrary">
<arg>${logo_HomePage}</arg>
<doc>Waits until element specified with `locator` is visible.</doc>
<msg timestamp="20240108 15:58:22.417" level="INFO">xpath criteria: //android.widget.ImageView[@resource-id="com.example.myapplication:id/imageView4"]</msg>
<status status="PASS" starttime="20240108 15:58:20.783" endtime="20240108 15:58:22.417"/>
</kw>
<status status="PASS" starttime="20240108 15:58:20.782" endtime="20240108 15:58:22.417"/>
</kw>
<kw name="Click Sign In Button On Home Page" library="homePage">
<kw name="Wait Until Element Is Visible" library="AppiumLibrary">
<arg>${signIN_button_homepage}</arg>
<doc>Waits until element specified with `locator` is visible.</doc>
<msg timestamp="20240108 15:58:22.582" level="INFO">xpath criteria: //android.widget.Button[@resource-id="com.example.myapplication:id/login"]</msg>
<status status="PASS" starttime="20240108 15:58:22.418" endtime="20240108 15:58:22.582"/>
</kw>
<kw name="Click Element" library="AppiumLibrary">
<arg>${signIN_button_homepage}</arg>
<doc>Click element identified by `locator`.</doc>
<msg timestamp="20240108 15:58:22.587" level="INFO">Clicking element '//android.widget.Button[@resource-id="com.example.myapplication:id/login"]'.</msg>
<msg timestamp="20240108 15:58:22.797" level="INFO">xpath criteria: //android.widget.Button[@resource-id="com.example.myapplication:id/login"]</msg>
<status status="PASS" starttime="20240108 15:58:22.582" endtime="20240108 15:58:22.797"/>
</kw>
<status status="PASS" starttime="20240108 15:58:22.417" endtime="20240108 15:58:22.797"/>
</kw>
<kw name="Verify Login Appears" library="loginPage">
<kw name="Wait Until Element Is Visible" library="AppiumLibrary">
<arg>${emailInput_LoginPage}</arg>
<doc>Waits until element specified with `locator` is visible.</doc>
<msg timestamp="20240108 15:58:24.455" level="INFO">xpath criteria: //android.widget.EditText[@resource-id="com.example.myapplication:id/username"]
xpath criteria: //android.widget.EditText[@resource-id="com.example.myapplication:id/username"]
xpath criteria: //android.widget.EditText[@resource-id="com.example.myapplication:id/username"]</msg>
<status status="PASS" starttime="20240108 15:58:22.798" endtime="20240108 15:58:24.455"/>
</kw>
<kw name="Wait Until Element Is Visible" library="AppiumLibrary">
<arg>${passwordInput_LoginPage}</arg>
<doc>Waits until element specified with `locator` is visible.</doc>
<msg timestamp="20240108 15:58:24.614" level="INFO">xpath criteria: //android.widget.EditText[@resource-id="com.example.myapplication:id/password"]</msg>
<status status="PASS" starttime="20240108 15:58:24.455" endtime="20240108 15:58:24.614"/>
</kw>
<kw name="Wait Until Element Is Visible" library="AppiumLibrary">
<arg>${signIn_button_LoginPage}</arg>
<doc>Waits until element specified with `locator` is visible.</doc>
<msg timestamp="20240108 15:58:24.789" level="INFO">xpath criteria: //android.widget.Button[@resource-id="com.example.myapplication:id/signIn"]</msg>
<status status="PASS" starttime="20240108 15:58:24.614" endtime="20240108 15:58:24.789"/>
</kw>
<status status="PASS" starttime="20240108 15:58:22.798" endtime="20240108 15:58:24.789"/>
</kw>
<kw name="Input User Email on Login Page" library="loginPage">
<arg>${email}</arg>
<kw name="Wait Until Element Is Visible" library="AppiumLibrary">
<arg>${emailInput_LoginPage}</arg>
<doc>Waits until element specified with `locator` is visible.</doc>
<msg timestamp="20240108 15:58:24.939" level="INFO">xpath criteria: //android.widget.EditText[@resource-id="com.example.myapplication:id/username"]</msg>
<status status="PASS" starttime="20240108 15:58:24.789" endtime="20240108 15:58:24.939"/>
</kw>
<kw name="Input Text" library="AppiumLibrary">
<arg>${emailInput_LoginPage}</arg>
<arg>${email}</arg>
<doc>Types the given `text` into text field identified by `locator`.</doc>
<msg timestamp="20240108 15:58:24.943" level="INFO">Typing text 'support@ngendigital.com' into text field '//android.widget.EditText[@resource-id="com.example.myapplication:id/username"]'</msg>
<msg timestamp="20240108 15:58:25.125" level="INFO">xpath criteria: //android.widget.EditText[@resource-id="com.example.myapplication:id/username"]</msg>
<status status="PASS" starttime="20240108 15:58:24.939" endtime="20240108 15:58:25.125"/>
</kw>
<status status="PASS" starttime="20240108 15:58:24.789" endtime="20240108 15:58:25.125"/>
</kw>
<kw name="Input User Password on Login Page" library="loginPage">
<arg>${password}</arg>
<kw name="Wait Until Element Is Visible" library="AppiumLibrary">
<arg>${passwordInput_LoginPage}</arg>
<doc>Waits until element specified with `locator` is visible.</doc>
<msg timestamp="20240108 15:58:25.720" level="INFO">xpath criteria: //android.widget.EditText[@resource-id="com.example.myapplication:id/password"]</msg>
<status status="PASS" starttime="20240108 15:58:25.127" endtime="20240108 15:58:25.720"/>
</kw>
<kw name="Input Text" library="AppiumLibrary">
<arg>${passwordInput_LoginPage}</arg>
<arg>${password}</arg>
<doc>Types the given `text` into text field identified by `locator`.</doc>
<msg timestamp="20240108 15:58:25.724" level="INFO">Typing text 'abc123' into text field '//android.widget.EditText[@resource-id="com.example.myapplication:id/password"]'</msg>
<msg timestamp="20240108 15:58:25.851" level="INFO">xpath criteria: //android.widget.EditText[@resource-id="com.example.myapplication:id/password"]</msg>
<status status="PASS" starttime="20240108 15:58:25.720" endtime="20240108 15:58:25.851"/>
</kw>
<status status="PASS" starttime="20240108 15:58:25.127" endtime="20240108 15:58:25.851"/>
</kw>
<kw name="Click Sign In on Login Page" library="loginPage">
<kw name="Click Element" library="AppiumLibrary">
<arg>${signIn_button_LoginPage}</arg>
<doc>Click element identified by `locator`.</doc>
<msg timestamp="20240108 15:58:25.855" level="INFO">Clicking element '//android.widget.Button[@resource-id="com.example.myapplication:id/signIn"]'.</msg>
<msg timestamp="20240108 15:58:26.485" level="INFO">xpath criteria: //android.widget.Button[@resource-id="com.example.myapplication:id/signIn"]</msg>
<status status="PASS" starttime="20240108 15:58:25.851" endtime="20240108 15:58:26.485"/>
</kw>
<status status="PASS" starttime="20240108 15:58:25.851" endtime="20240108 15:58:26.485"/>
</kw>
<status status="PASS" starttime="20240108 15:58:20.782" endtime="20240108 15:58:26.485"/>
</kw>
<status status="PASS" starttime="20240108 15:57:48.162" endtime="20240108 15:58:26.485"/>
</kw>
<kw name="Verify User Is Logged In" library="homePage">
<kw name="Wait Until Element Is Visible" library="AppiumLibrary">
<arg>${userName_text_homePage}</arg>
<doc>Waits until element specified with `locator` is visible.</doc>
<msg timestamp="20240108 15:58:27.420" level="INFO">xpath criteria: //android.widget.TextView[@resource-id="com.example.myapplication:id/textView"]
xpath criteria: //android.widget.TextView[@resource-id="com.example.myapplication:id/textView"]</msg>
<status status="PASS" starttime="20240108 15:58:26.486" endtime="20240108 15:58:27.420"/>
</kw>
<status status="PASS" starttime="20240108 15:58:26.486" endtime="20240108 15:58:27.420"/>
</kw>
<kw name="Click Button Book" library="homePage">
<kw name="Wait Until Element Is Visible" library="AppiumLibrary">
<arg>${book_button_homePage}</arg>
<doc>Waits until element specified with `locator` is visible.</doc>
<msg timestamp="20240108 15:58:27.562" level="INFO">xpath criteria: //android.widget.Button[@resource-id="com.example.myapplication:id/book"]</msg>
<status status="PASS" starttime="20240108 15:58:27.421" endtime="20240108 15:58:27.562"/>
</kw>
<kw name="Click Element" library="AppiumLibrary">
<arg>${book_button_homePage}</arg>
<doc>Click element identified by `locator`.</doc>
<msg timestamp="20240108 15:58:27.567" level="INFO">Clicking element '//android.widget.Button[@resource-id="com.example.myapplication:id/book"]'.</msg>
<msg timestamp="20240108 15:58:27.772" level="INFO">xpath criteria: //android.widget.Button[@resource-id="com.example.myapplication:id/book"]</msg>
<status status="PASS" starttime="20240108 15:58:27.562" endtime="20240108 15:58:27.772"/>
</kw>
<status status="PASS" starttime="20240108 15:58:27.421" endtime="20240108 15:58:27.772"/>
</kw>
<kw name="Verify Book Appears-OneWay" library="bookOnWayPage">
<kw name="Wait Until Element Is Visible" library="AppiumLibrary">
<arg>${oneWay_button }</arg>
<doc>Waits until element specified with `locator` is visible.</doc>
<msg timestamp="20240108 15:58:29.133" level="INFO">xpath criteria: //android.support.v7.app.ActionBar.Tab[@content-desc="One Way"]</msg>
<status status="PASS" starttime="20240108 15:58:27.797" endtime="20240108 15:58:29.133"/>
</kw>
<kw name="Wait Until Element Is Visible" library="AppiumLibrary">
<arg>${logo_HomePage}</arg>
<doc>Waits until element specified with `locator` is visible.</doc>
<msg timestamp="20240108 15:58:29.329" level="INFO">xpath criteria: //android.widget.ImageView[@resource-id="com.example.myapplication:id/imageView4"]</msg>
<status status="PASS" starttime="20240108 15:58:29.133" endtime="20240108 15:58:29.329"/>
</kw>
<status status="PASS" starttime="20240108 15:58:27.797" endtime="20240108 15:58:29.329"/>
</kw>
<kw name="Click One-way Flight" library="bookOnWayPage">
<kw name="Click Element" library="AppiumLibrary">
<arg>${oneWay_button}</arg>
<doc>Click element identified by `locator`.</doc>
<msg timestamp="20240108 15:58:29.333" level="INFO">Clicking element '//android.support.v7.app.ActionBar.Tab[@content-desc="One Way"]'.</msg>
<msg timestamp="20240108 15:58:29.571" level="INFO">xpath criteria: //android.support.v7.app.ActionBar.Tab[@content-desc="One Way"]</msg>
<status status="PASS" starttime="20240108 15:58:29.330" endtime="20240108 15:58:29.571"/>
</kw>
<status status="PASS" starttime="20240108 15:58:29.329" endtime="20240108 15:58:29.571"/>
</kw>
<kw name="Choose From City Cichago" library="bookOnWayPage">
<kw name="Click Element" library="AppiumLibrary">
<arg>${formCity_button}</arg>
<doc>Click element identified by `locator`.</doc>
<msg timestamp="20240108 15:58:29.580" level="INFO">Clicking element '//android.widget.Spinner[@resource-id="com.example.myapplication:id/spinnerFrom"]'.</msg>
<msg timestamp="20240108 15:58:30.148" level="INFO">xpath criteria: //android.widget.Spinner[@resource-id="com.example.myapplication:id/spinnerFrom"]</msg>
<status status="PASS" starttime="20240108 15:58:29.575" endtime="20240108 15:58:30.148"/>
</kw>
<kw name="Wait Until Element Is Visible" library="AppiumLibrary">
<arg>${chicago}</arg>
<doc>Waits until element specified with `locator` is visible.</doc>
<msg timestamp="20240108 15:58:31.379" level="INFO">xpath criteria: //android.widget.TextView[@resource-id="android:id/text1" and @text="Chicago"]
xpath criteria: //android.widget.TextView[@resource-id="android:id/text1" and @text="Chicago"]</msg>
<status status="PASS" starttime="20240108 15:58:30.148" endtime="20240108 15:58:31.379"/>
</kw>
<kw name="Click Element" library="AppiumLibrary">
<arg>${chicago}</arg>
<doc>Click element identified by `locator`.</doc>
<msg timestamp="20240108 15:58:31.383" level="INFO">Clicking element '//android.widget.TextView[@resource-id="android:id/text1" and @text="Chicago"]'.</msg>
<msg timestamp="20240108 15:58:32.402" level="INFO">xpath criteria: //android.widget.TextView[@resource-id="android:id/text1" and @text="Chicago"]</msg>
<status status="PASS" starttime="20240108 15:58:31.379" endtime="20240108 15:58:32.402"/>
</kw>
<status status="PASS" starttime="20240108 15:58:29.575" endtime="20240108 15:58:32.402"/>
</kw>
<kw name="Choose To City Ottawa" library="bookOnWayPage">
<kw name="Click Element" library="AppiumLibrary">
<arg>${toCity_button}</arg>
<doc>Click element identified by `locator`.</doc>
<msg timestamp="20240108 15:58:32.410" level="INFO">Clicking element '//android.widget.Spinner[@resource-id="com.example.myapplication:id/spinnerTo"]'.</msg>
<msg timestamp="20240108 15:58:32.795" level="INFO">xpath criteria: //android.widget.Spinner[@resource-id="com.example.myapplication:id/spinnerTo"]</msg>
<status status="PASS" starttime="20240108 15:58:32.406" endtime="20240108 15:58:32.795"/>
</kw>
<kw name="Wait Until Element Is Visible" library="AppiumLibrary">
<arg>${ottawa}</arg>
<doc>Waits until element specified with `locator` is visible.</doc>
<msg timestamp="20240108 15:58:33.976" level="INFO">xpath criteria: //android.widget.TextView[@resource-id="android:id/text1" and @text="Ottawa"]
xpath criteria: //android.widget.TextView[@resource-id="android:id/text1" and @text="Ottawa"]</msg>
<status status="PASS" starttime="20240108 15:58:32.795" endtime="20240108 15:58:33.976"/>
</kw>
<kw name="Click Element" library="AppiumLibrary">
<arg>${ottawa}</arg>
<doc>Click element identified by `locator`.</doc>
<msg timestamp="20240108 15:58:33.980" level="INFO">Clicking element '//android.widget.TextView[@resource-id="android:id/text1" and @text="Ottawa"]'.</msg>
<msg timestamp="20240108 15:58:34.793" level="INFO">xpath criteria: //android.widget.TextView[@resource-id="android:id/text1" and @text="Ottawa"]</msg>
<status status="PASS" starttime="20240108 15:58:33.976" endtime="20240108 15:58:34.793"/>
</kw>
<status status="PASS" starttime="20240108 15:58:32.406" endtime="20240108 15:58:34.793"/>
</kw>
<kw name="Choose Class First" library="bookOnWayPage">
<kw name="Click Element" library="AppiumLibrary">
<arg>${class_button}</arg>
<doc>Click element identified by `locator`.</doc>
<msg timestamp="20240108 15:58:34.799" level="INFO">Clicking element '//android.widget.Spinner[@resource-id="com.example.myapplication:id/spinnerClass"]'.</msg>
<msg timestamp="20240108 15:58:35.186" level="INFO">xpath criteria: //android.widget.Spinner[@resource-id="com.example.myapplication:id/spinnerClass"]</msg>
<status status="PASS" starttime="20240108 15:58:34.794" endtime="20240108 15:58:35.186"/>
</kw>
<kw name="Wait Until Element Is Visible" library="AppiumLibrary">
<arg>${first}</arg>
<doc>Waits until element specified with `locator` is visible.</doc>
<msg timestamp="20240108 15:58:36.137" level="INFO">xpath criteria: //android.widget.TextView[@resource-id="android:id/text1" and @text="First"]</msg>
<status status="PASS" starttime="20240108 15:58:35.186" endtime="20240108 15:58:36.137"/>
</kw>
<kw name="Click Element" library="AppiumLibrary">
<arg>${first}</arg>
<doc>Click element identified by `locator`.</doc>
<msg timestamp="20240108 15:58:36.141" level="INFO">Clicking element '//android.widget.TextView[@resource-id="android:id/text1" and @text="First"]'.</msg>
<msg timestamp="20240108 15:58:36.998" level="INFO">xpath criteria: //android.widget.TextView[@resource-id="android:id/text1" and @text="First"]</msg>
<status status="PASS" starttime="20240108 15:58:36.137" endtime="20240108 15:58:36.998"/>
</kw>
<status status="PASS" starttime="20240108 15:58:34.794" endtime="20240108 15:58:36.998"/>
</kw>
<kw name="Choose Start Date" library="bookOnWayPage">
<kw name="Click Element" library="AppiumLibrary">
<arg>${startDate_button}</arg>
<doc>Click element identified by `locator`.</doc>
<msg timestamp="20240108 15:58:37.003" level="INFO">Clicking element '//android.widget.TextView[@resource-id="com.example.myapplication:id/textStartDate"]'.</msg>
<msg timestamp="20240108 15:58:37.215" level="INFO">xpath criteria: //android.widget.TextView[@resource-id="com.example.myapplication:id/textStartDate"]</msg>
<status status="PASS" starttime="20240108 15:58:36.999" endtime="20240108 15:58:37.215"/>
</kw>
<kw name="Wait Until Element Is Visible" library="AppiumLibrary">
<arg>${17Ags19}</arg>
<doc>Waits until element specified with `locator` is visible.</doc>
<msg timestamp="20240108 15:58:38.738" level="INFO">xpath criteria: //android.view.View[@content-desc="17 August 2019"]
xpath criteria: //android.view.View[@content-desc="17 August 2019"]</msg>
<status status="PASS" starttime="20240108 15:58:37.215" endtime="20240108 15:58:38.738"/>
</kw>
<kw name="Click Element" library="AppiumLibrary">
<arg>${17Ags19}</arg>
<doc>Click element identified by `locator`.</doc>
<msg timestamp="20240108 15:58:38.743" level="INFO">Clicking element '//android.view.View[@content-desc="17 August 2019"]'.</msg>
<msg timestamp="20240108 15:58:39.544" level="INFO">xpath criteria: //android.view.View[@content-desc="17 August 2019"]</msg>
<status status="PASS" starttime="20240108 15:58:38.738" endtime="20240108 15:58:39.544"/>
</kw>
<kw name="Click Element" library="AppiumLibrary">
<arg>${okbtn}</arg>
<doc>Click element identified by `locator`.</doc>
<msg timestamp="20240108 15:58:39.548" level="INFO">Clicking element '//android.widget.Button[@resource-id="android:id/button1"]'.</msg>
<msg timestamp="20240108 15:58:39.992" level="INFO">xpath criteria: //android.widget.Button[@resource-id="android:id/button1"]</msg>
<status status="PASS" starttime="20240108 15:58:39.544" endtime="20240108 15:58:39.992"/>
</kw>
<status status="PASS" starttime="20240108 15:58:36.999" endtime="20240108 15:58:39.992"/>
</kw>
<kw name="Choose End Date" library="bookOnWayPage">
<kw name="Click Element" library="AppiumLibrary">
<arg>${endDate_button}</arg>
<doc>Click element identified by `locator`.</doc>
<msg timestamp="20240108 15:58:40.001" level="INFO">Clicking element '//android.widget.TextView[@resource-id="com.example.myapplication:id/textEndDate"]'.</msg>
<msg timestamp="20240108 15:58:40.714" level="INFO">xpath criteria: //android.widget.TextView[@resource-id="com.example.myapplication:id/textEndDate"]</msg>
<status status="PASS" starttime="20240108 15:58:39.997" endtime="20240108 15:58:40.714"/>
</kw>
<kw name="Wait Until Element Is Visible" library="AppiumLibrary">
<arg>${29Ags19}</arg>
<doc>Waits until element specified with `locator` is visible.</doc>
<msg timestamp="20240108 15:58:41.851" level="INFO">xpath criteria: //android.view.View[@content-desc="29 August 2019"]
xpath criteria: //android.view.View[@content-desc="29 August 2019"]</msg>
<status status="PASS" starttime="20240108 15:58:40.714" endtime="20240108 15:58:41.851"/>
</kw>
<kw name="Click Element" library="AppiumLibrary">
<arg>${29Ags19}</arg>
<doc>Click element identified by `locator`.</doc>
<msg timestamp="20240108 15:58:41.855" level="INFO">Clicking element '//android.view.View[@content-desc="29 August 2019"]'.</msg>
<msg timestamp="20240108 15:58:42.758" level="INFO">xpath criteria: //android.view.View[@content-desc="29 August 2019"]</msg>
<status status="PASS" starttime="20240108 15:58:41.851" endtime="20240108 15:58:42.758"/>
</kw>
<kw name="Click Element" library="AppiumLibrary">
<arg>${okbtn}</arg>
<doc>Click element identified by `locator`.</doc>
<msg timestamp="20240108 15:58:42.762" level="INFO">Clicking element '//android.widget.Button[@resource-id="android:id/button1"]'.</msg>
<msg timestamp="20240108 15:58:43.045" level="INFO">xpath criteria: //android.widget.Button[@resource-id="android:id/button1"]</msg>
<status status="PASS" starttime="20240108 15:58:42.758" endtime="20240108 15:58:43.045"/>
</kw>
<status status="PASS" starttime="20240108 15:58:39.997" endtime="20240108 15:58:43.045"/>
</kw>
<kw name="Choose Flight" library="bookOnWayPage">
<kw name="Wait Until Element Is Visible" library="AppiumLibrary">
<arg>${flight_button}</arg>
<doc>Waits until element specified with `locator` is visible.</doc>
<msg timestamp="20240108 15:58:43.697" level="INFO">xpath criteria: //android.widget.RadioButton[@resource-id="com.example.myapplication:id/radioButtonFlight"]</msg>
<status status="PASS" starttime="20240108 15:58:43.051" endtime="20240108 15:58:43.697"/>
</kw>
<kw name="Click Element" library="AppiumLibrary">
<arg>${flight_button}</arg>
<doc>Click element identified by `locator`.</doc>
<msg timestamp="20240108 15:58:43.701" level="INFO">Clicking element '//android.widget.RadioButton[@resource-id="com.example.myapplication:id/radioButtonFlight"]'.</msg>
<msg timestamp="20240108 15:58:43.859" level="INFO">xpath criteria: //android.widget.RadioButton[@resource-id="com.example.myapplication:id/radioButtonFlight"]</msg>
<status status="PASS" starttime="20240108 15:58:43.697" endtime="20240108 15:58:43.859"/>
</kw>
<status status="PASS" starttime="20240108 15:58:43.051" endtime="20240108 15:58:43.859"/>
</kw>
<kw name="Click Checkbox Day" library="bookOnWayPage">
<kw name="Wait Until Element Is Visible" library="AppiumLibrary">
<arg>${checkboxDay_button}</arg>
<doc>Waits until element specified with `locator` is visible.</doc>
<msg timestamp="20240108 15:58:44.497" level="INFO">xpath criteria: //android.widget.CheckBox[@resource-id="com.example.myapplication:id/checkBoxDay"]</msg>
<status status="PASS" starttime="20240108 15:58:43.863" endtime="20240108 15:58:44.497"/>
</kw>
<kw name="Click Element" library="AppiumLibrary">
<arg>${checkboxDay_button}</arg>
<doc>Click element identified by `locator`.</doc>
<msg timestamp="20240108 15:58:44.501" level="INFO">Clicking element '//android.widget.CheckBox[@resource-id="com.example.myapplication:id/checkBoxDay"]'.</msg>
<msg timestamp="20240108 15:58:44.633" level="INFO">xpath criteria: //android.widget.CheckBox[@resource-id="com.example.myapplication:id/checkBoxDay"]</msg>
<status status="PASS" starttime="20240108 15:58:44.498" endtime="20240108 15:58:44.634"/>
</kw>
<status status="PASS" starttime="20240108 15:58:43.863" endtime="20240108 15:58:44.634"/>
</kw>
<kw name="Click Button Book On Book Page" library="bookOnWayPage">
<kw name="Click Element" library="AppiumLibrary">
<arg>${book_button}</arg>
<doc>Click element identified by `locator`.</doc>
<msg timestamp="20240108 15:58:44.640" level="INFO">Clicking element '//android.widget.Button[@resource-id="com.example.myapplication:id/book_flight"]'.</msg>
<msg timestamp="20240108 15:58:45.320" level="INFO">xpath criteria: //android.widget.Button[@resource-id="com.example.myapplication:id/book_flight"]</msg>
<status status="PASS" starttime="20240108 15:58:44.636" endtime="20240108 15:58:45.320"/>
</kw>
<status status="PASS" starttime="20240108 15:58:44.634" endtime="20240108 15:58:45.320"/>
</kw>
<kw name="Choose Price and Confirm" library="bookOnWayPage">
<kw name="Wait Until Element Is Visible" library="AppiumLibrary">
<arg>${confirm_button}</arg>
<doc>Waits until element specified with `locator` is visible.</doc>
<msg timestamp="20240108 15:58:46.233" level="INFO">xpath criteria: //android.widget.Button[@resource-id="com.example.myapplication:id/confirm_order"]
xpath criteria: //android.widget.Button[@resource-id="com.example.myapplication:id/confirm_order"]</msg>
<status status="PASS" starttime="20240108 15:58:45.322" endtime="20240108 15:58:46.233"/>
</kw>
<kw name="Click Element" library="AppiumLibrary">
<arg>${price}</arg>
<doc>Click element identified by `locator`.</doc>
<msg timestamp="20240108 15:58:46.237" level="INFO">Clicking element '//android.widget.Button[@resource-id="com.example.myapplication:id/price1"]'.</msg>
<msg timestamp="20240108 15:58:46.980" level="INFO">xpath criteria: //android.widget.Button[@resource-id="com.example.myapplication:id/price1"]</msg>
<status status="PASS" starttime="20240108 15:58:46.233" endtime="20240108 15:58:46.980"/>
</kw>
<kw name="Click Element" library="AppiumLibrary">
<arg>${confirm_button}</arg>
<doc>Click element identified by `locator`.</doc>
<msg timestamp="20240108 15:58:46.984" level="INFO">Clicking element '//android.widget.Button[@resource-id="com.example.myapplication:id/confirm_order"]'.</msg>
<msg timestamp="20240108 15:58:47.177" level="INFO">xpath criteria: //android.widget.Button[@resource-id="com.example.myapplication:id/confirm_order"]</msg>
<status status="PASS" starttime="20240108 15:58:46.980" endtime="20240108 15:58:47.177"/>
</kw>
<status status="PASS" starttime="20240108 15:58:45.322" endtime="20240108 15:58:47.177"/>
</kw>
<kw name="Verify User Success Booking" library="homePage">
<kw name="Wait Until Element Is Visible" library="AppiumLibrary">
<arg>${code_booking}</arg>
<doc>Waits until element specified with `locator` is visible.</doc>
<msg timestamp="20240108 15:58:48.002" level="INFO">xpath criteria: //android.widget.CheckedTextView[@resource-id="com.example.myapplication:id/checkedTextView"]
xpath criteria: //android.widget.CheckedTextView[@resource-id="com.example.myapplication:id/checkedTextView"]</msg>
<status status="PASS" starttime="20240108 15:58:47.182" endtime="20240108 15:58:48.002"/>
</kw>
<status status="PASS" starttime="20240108 15:58:47.181" endtime="20240108 15:58:48.002"/>
</kw>
<kw name="Close Flight Application" library="base" type="TEARDOWN">
<kw name="Close Application" library="AppiumLibrary">
<doc>Closes the current application and also close webdriver session.</doc>
<status status="PASS" starttime="20240108 15:58:48.003" endtime="20240108 15:58:49.520"/>
</kw>
<status status="PASS" starttime="20240108 15:58:48.003" endtime="20240108 15:58:49.520"/>
</kw>
<status status="PASS" starttime="20240108 15:57:48.161" endtime="20240108 15:58:49.520"/>
</test>
<test id="s1-s1-t4" name="TC004-Booking with form city Toronto - London - Business - Flight - Invalid Date" line="75">
<kw name="Run Keywords" library="BuiltIn" type="SETUP">
<arg>Open Flight Application</arg>
[...]
<status status="PASS" starttime="20240108 16:07:02.203" endtime="20240108 16:07:02.376"/>
</kw>
<kw name="Wait Until Element Is Visible" library="AppiumLibrary">
<arg>${signIn_button_LoginPage}</arg>
<doc>Waits until element specified with `locator` is visible.</doc>
<msg timestamp="20240108 16:07:02.487" level="INFO">xpath criteria: //android.widget.Button[@resource-id="com.example.myapplication:id/signIn"]</msg>
<status status="PASS" starttime="20240108 16:07:02.376" endtime="20240108 16:07:02.487"/>
</kw>
<status status="PASS" starttime="20240108 16:07:01.299" endtime="20240108 16:07:02.487"/>
</kw>
<kw name="Input User Email on Login Page" library="loginPage">
<arg>${email}</arg>
<kw name="Wait Until Element Is Visible" library="AppiumLibrary">
<arg>${emailInput_LoginPage}</arg>
<doc>Waits until element specified with `locator` is visible.</doc>
<msg timestamp="20240108 16:07:02.579" level="INFO">xpath criteria: //android.widget.EditText[@resource-id="com.example.myapplication:id/username"]</msg>
<status status="PASS" starttime="20240108 16:07:02.488" endtime="20240108 16:07:02.579"/>
</kw>
<kw name="Input Text" library="AppiumLibrary">
<arg>${emailInput_LoginPage}</arg>
<arg>${email}</arg>
<doc>Types the given `text` into text field identified by `locator`.</doc>
<msg timestamp="20240108 16:07:02.581" level="INFO">Typing text 'support@ngendigital.com' into text field '//android.widget.EditText[@resource-id="com.example.myapplication:id/username"]'</msg>
<msg timestamp="20240108 16:07:02.717" level="INFO">xpath criteria: //android.widget.EditText[@resource-id="com.example.myapplication:id/username"]</msg>
<status status="PASS" starttime="20240108 16:07:02.579" endtime="20240108 16:07:02.717"/>
</kw>
<status status="PASS" starttime="20240108 16:07:02.487" endtime="20240108 16:07:02.717"/>
</kw>
<kw name="Input User Password on Login Page" library="loginPage">
<arg>${password}</arg>
<kw name="Wait Until Element Is Visible" library="AppiumLibrary">
<arg>${passwordInput_LoginPage}</arg>
<doc>Waits until element specified with `locator` is visible.</doc>
<msg timestamp="20240108 16:07:03.336" level="INFO">xpath criteria: //android.widget.EditText[@resource-id="com.example.myapplication:id/password"]</msg>
<status status="PASS" starttime="20240108 16:07:02.717" endtime="20240108 16:07:03.336"/>
</kw>
<kw name="Input Text" library="AppiumLibrary">
<arg>${passwordInput_LoginPage}</arg>
<arg>${password}</arg>
<doc>Types the given `text` into text field identified by `locator`.</doc>
<msg timestamp="20240108 16:07:03.339" level="INFO">Typing text 'abc123' into text field '//android.widget.EditText[@resource-id="com.example.myapplication:id/password"]'</msg>
<msg timestamp="20240108 16:07:03.436" level="INFO">xpath criteria: //android.widget.EditText[@resource-id="com.example.myapplication:id/password"]</msg>
<status status="PASS" starttime="20240108 16:07:03.336" endtime="20240108 16:07:03.436"/>
</kw>
<status status="PASS" starttime="20240108 16:07:02.717" endtime="20240108 16:07:03.436"/>
</kw>
<kw name="Click Sign In on Login Page" library="loginPage">
<kw name="Click Element" library="AppiumLibrary">
<arg>${signIn_button_LoginPage}</arg>
<doc>Click element identified by `locator`.</doc>
<msg timestamp="20240108 16:07:03.439" level="INFO">Clicking element '//android.widget.Button[@resource-id="com.example.myapplication:id/signIn"]'.</msg>
<msg timestamp="20240108 16:07:04.198" level="INFO">xpath criteria: //android.widget.Button[@resource-id="com.example.myapplication:id/signIn"]</msg>
<status status="PASS" starttime="20240108 16:07:03.436" endtime="20240108 16:07:04.198"/>
</kw>
<status status="PASS" starttime="20240108 16:07:03.436" endtime="20240108 16:07:04.198"/>
</kw>
<status status="PASS" starttime="20240108 16:06:59.782" endtime="20240108 16:07:04.198"/>
</kw>
<status status="PASS" starttime="20240108 16:06:41.487" endtime="20240108 16:07:04.198"/>
</kw>
<kw name="Verify User Is Logged In" library="homePage">
<kw name="Wait Until Element Is Visible" library="AppiumLibrary">
<arg>${userName_text_homePage}</arg>
<doc>Waits until element specified with `locator` is visible.</doc>
<msg timestamp="20240108 16:07:04.817" level="INFO">xpath criteria: //android.widget.TextView[@resource-id="com.example.myapplication:id/textView"]</msg>
<status status="PASS" starttime="20240108 16:07:04.199" endtime="20240108 16:07:04.817"/>
</kw>
<status status="PASS" starttime="20240108 16:07:04.199" endtime="20240108 16:07:04.818"/>
</kw>
<kw name="Click Button Book" library="homePage">
<kw name="Wait Until Element Is Visible" library="AppiumLibrary">
<arg>${book_button_homePage}</arg>
<doc>Waits until element specified with `locator` is visible.</doc>
<msg timestamp="20240108 16:07:04.913" level="INFO">xpath criteria: //android.widget.Button[@resource-id="com.example.myapplication:id/book"]</msg>
<status status="PASS" starttime="20240108 16:07:04.818" endtime="20240108 16:07:04.913"/>
</kw>
<kw name="Click Element" library="AppiumLibrary">
<arg>${book_button_homePage}</arg>
<doc>Click element identified by `locator`.</doc>
<msg timestamp="20240108 16:07:04.915" level="INFO">Clicking element '//android.widget.Button[@resource-id="com.example.myapplication:id/book"]'.</msg>
<msg timestamp="20240108 16:07:05.027" level="INFO">xpath criteria: //android.widget.Button[@resource-id="com.example.myapplication:id/book"]</msg>
<status status="PASS" starttime="20240108 16:07:04.913" endtime="20240108 16:07:05.028"/>
</kw>
<status status="PASS" starttime="20240108 16:07:04.818" endtime="20240108 16:07:05.028"/>
</kw>
<kw name="Verify Book Appears-RoundTrip" library="bookOnWayPage">
<kw name="Wait Until Element Is Visible" library="AppiumLibrary">
<arg>${roundTrip_button }</arg>
<doc>Waits until element specified with `locator` is visible.</doc>
<msg timestamp="20240108 16:07:06.195" level="INFO">xpath criteria: //android.support.v7.app.ActionBar.Tab[@content-desc="Round Trip"]
xpath criteria: //android.support.v7.app.ActionBar.Tab[@content-desc="Round Trip"]</msg>
<status status="PASS" starttime="20240108 16:07:05.034" endtime="20240108 16:07:06.195"/>
</kw>
<kw name="Wait Until Element Is Visible" library="AppiumLibrary">
<arg>${logo_HomePage}</arg>
<doc>Waits until element specified with `locator` is visible.</doc>
<msg timestamp="20240108 16:07:06.265" level="INFO">xpath criteria: //android.widget.ImageView[@resource-id="com.example.myapplication:id/imageView4"]</msg>
<status status="PASS" starttime="20240108 16:07:06.195" endtime="20240108 16:07:06.265"/>
</kw>
<status status="PASS" starttime="20240108 16:07:05.033" endtime="20240108 16:07:06.265"/>
</kw>
<kw name="Click Round-Trip Flight" library="bookOnWayPage">
<kw name="Click Element" library="AppiumLibrary">
<arg>${roundTrip_button}</arg>
<doc>Click element identified by `locator`.</doc>
<msg timestamp="20240108 16:07:06.267" level="INFO">Clicking element '//android.support.v7.app.ActionBar.Tab[@content-desc="Round Trip"]'.</msg>
<msg timestamp="20240108 16:07:06.402" level="INFO">xpath criteria: //android.support.v7.app.ActionBar.Tab[@content-desc="Round Trip"]</msg>
<status status="PASS" starttime="20240108 16:07:06.265" endtime="20240108 16:07:06.402"/>
</kw>
<status status="PASS" starttime="20240108 16:07:06.265" endtime="20240108 16:07:06.402"/>
</kw>
<kw name="Click Button Book On Book Page" library="bookOnWayPage">
<kw name="Click Element" library="AppiumLibrary">
<arg>${book_button}</arg>
<doc>Click element identified by `locator`.</doc>
<msg timestamp="20240108 16:07:06.406" level="INFO">Clicking element '//android.widget.Button[@resource-id="com.example.myapplication:id/book_flight"]'.</msg>
<msg timestamp="20240108 16:07:06.950" level="INFO">xpath criteria: //android.widget.Button[@resource-id="com.example.myapplication:id/book_flight"]</msg>
<status status="PASS" starttime="20240108 16:07:06.403" endtime="20240108 16:07:06.950"/>
</kw>
<status status="PASS" starttime="20240108 16:07:06.403" endtime="20240108 16:07:06.950"/>
</kw>
<kw name="Choose Price and Confirm" library="bookOnWayPage">
<kw name="Wait Until Element Is Visible" library="AppiumLibrary">
<arg>${confirm_button}</arg>
<doc>Waits until element specified with `locator` is visible.</doc>
<msg timestamp="20240108 16:07:07.820" level="INFO">xpath criteria: //android.widget.Button[@resource-id="com.example.myapplication:id/confirm_order"]
xpath criteria: //android.widget.Button[@resource-id="com.example.myapplication:id/confirm_order"]</msg>
<status status="PASS" starttime="20240108 16:07:06.955" endtime="20240108 16:07:07.820"/>
</kw>
<kw name="Click Element" library="AppiumLibrary">
<arg>${price}</arg>
<doc>Click element identified by `locator`.</doc>
<msg timestamp="20240108 16:07:07.824" level="INFO">Clicking element '//android.widget.Button[@resource-id="com.example.myapplication:id/price1"]'.</msg>
<msg timestamp="20240108 16:07:07.941" level="INFO">xpath criteria: //android.widget.Button[@resource-id="com.example.myapplication:id/price1"]</msg>
<status status="PASS" starttime="20240108 16:07:07.820" endtime="20240108 16:07:07.941"/>
</kw>
<kw name="Click Element" library="AppiumLibrary">
<arg>${confirm_button}</arg>
<doc>Click element identified by `locator`.</doc>
<msg timestamp="20240108 16:07:07.945" level="INFO">Clicking element '//android.widget.Button[@resource-id="com.example.myapplication:id/confirm_order"]'.</msg>
<msg timestamp="20240108 16:07:08.727" level="INFO">xpath criteria: //android.widget.Button[@resource-id="com.example.myapplication:id/confirm_order"]</msg>
<status status="PASS" starttime="20240108 16:07:07.941" endtime="20240108 16:07:08.727"/>
</kw>
<status status="PASS" starttime="20240108 16:07:06.955" endtime="20240108 16:07:08.727"/>
</kw>
<kw name="Verify User Success Booking" library="homePage">
<kw name="Wait Until Element Is Visible" library="AppiumLibrary">
<arg>${code_booking}</arg>
<doc>Waits until element specified with `locator` is visible.</doc>
<msg timestamp="20240108 16:07:09.479" level="INFO">xpath criteria: //android.widget.CheckedTextView[@resource-id="com.example.myapplication:id/checkedTextView"]
xpath criteria: //android.widget.CheckedTextView[@resource-id="com.example.myapplication:id/checkedTextView"]</msg>
<status status="PASS" starttime="20240108 16:07:08.729" endtime="20240108 16:07:09.479"/>
</kw>
<status status="PASS" starttime="20240108 16:07:08.728" endtime="20240108 16:07:09.479"/>
</kw>
<kw name="Close Flight Application" library="base" type="TEARDOWN">
<kw name="Close Application" library="AppiumLibrary">
<doc>Closes the current application and also close webdriver session.</doc>
<status status="PASS" starttime="20240108 16:07:09.480" endtime="20240108 16:07:10.785"/>
</kw>
<status status="PASS" starttime="20240108 16:07:09.480" endtime="20240108 16:07:10.785"/>
</kw>
<status status="PASS" starttime="20240108 16:06:41.486" endtime="20240108 16:07:10.790"/>
</test>
<status status="PASS" starttime="20240108 16:01:29.399" endtime="20240108 16:07:10.791"/>
</suite>
<suite id="s1-s3" name="loginSuites" source="C:\Users\Acer\OneDrive\Desktop\Sanber52-MobileAutomation-Kelompok11\Suites\loginSuites.robot">
<test id="s1-s3-t1" name="Login Valid Credential" line="14">
<kw name="Open Flight Application" library="base" type="SETUP">
<kw name="Open Application" library="AppiumLibrary">
<arg>remote_url=${REMOTE_URL}</arg>
<arg>platformName=${PLATFORM_NAME}</arg>
<arg>platformVersion=${PLATFORM_VERSION}</arg>
<arg>deviceName=${DEVICE_NAME}</arg>
<arg>appPackage=${APP_PACKAGE}</arg>
<arg>appActivity=${APP_ACTIVITY}</arg>
<doc>Opens a new application to given Appium server.
Capabilities of appium server, Android and iOS,
Please check https://github.com/appium/appium/blob/master/docs/en/writing-running-appium/server-args.md
| *Option*            | *Man.* | *Description*     |
| remote_url          | Yes    | Appium server url |
| alias               | no     | alias             |
| strict_ssl          | No     | allows you to send commands to an invalid certificate host like a self-signed one. |</doc>
<status status="PASS" starttime="20240108 16:07:10.814" endtime="20240108 16:07:26.814"/>
</kw>
<status status="PASS" starttime="20240108 16:07:10.813" endtime="20240108 16:07:26.814"/>
</kw>
<kw name="Click Sign In Button On Home Page" library="homePage">
<kw name="Wait Until Element Is Visible" library="AppiumLibrary">
<arg>${signIN_button_homepage}</arg>
<doc>Waits until element specified with `locator` is visible.</doc>
<msg timestamp="20240108 16:07:27.672" level="INFO">xpath criteria: //android.widget.Button[@resource-id="com.example.myapplication:id/login"]</msg>
<status status="PASS" starttime="20240108 16:07:26.815" endtime="20240108 16:07:27.672"/>
</kw>
<kw name="Click Element" library="AppiumLibrary">
<arg>${signIN_button_homepage}</arg>
<doc>Click element identified by `locator`.</doc>
<msg timestamp="20240108 16:07:27.674" level="INFO">Clicking element '//android.widget.Button[@resource-id="com.example.myapplication:id/login"]'.</msg>
<msg timestamp="20240108 16:07:27.799" level="INFO">xpath criteria: //android.widget.Button[@resource-id="com.example.myapplication:id/login"]</msg>
<status status="PASS" starttime="20240108 16:07:27.672" endtime="20240108 16:07:27.799"/>
</kw>
<status status="PASS" starttime="20240108 16:07:26.815" endtime="20240108 16:07:27.799"/>
</kw>
<kw name="Verify Login Appears" library="loginPage">
<kw name="Wait Until Element Is Visible" library="AppiumLibrary">
<arg>${emailInput_LoginPage}</arg>
<doc>Waits until element specified with `locator` is visible.</doc>
<msg timestamp="20240108 16:07:28.653" level="INFO">xpath criteria: //android.widget.EditText[@resource-id="com.example.myapplication:id/username"]
xpath criteria: //android.widget.EditText[@resource-id="com.example.myapplication:id/username"]</msg>
<status status="PASS" starttime="20240108 16:07:27.800" endtime="20240108 16:07:28.653"/>
</kw>
<kw name="Wait Until Element Is Visible" library="AppiumLibrary">
<arg>${passwordInput_LoginPage}</arg>
<doc>Waits until element specified with `locator` is visible.</doc>
<msg timestamp="20240108 16:07:28.748" level="INFO">xpath criteria: //android.widget.EditText[@resource-id="com.example.myapplication:id/password"]</msg>
<status status="PASS" starttime="20240108 16:07:28.653" endtime="20240108 16:07:28.748"/>
</kw>
<kw name="Wait Until Element Is Visible" library="AppiumLibrary">
<arg>${signIn_button_LoginPage}</arg>
<doc>Waits until element specified with `locator` is visible.</doc>
<msg timestamp="20240108 16:07:28.829" level="INFO">xpath criteria: //android.widget.Button[@resource-id="com.example.myapplication:id/signIn"]</msg>
<status status="PASS" starttime="20240108 16:07:28.748" endtime="20240108 16:07:28.829"/>
</kw>
<status status="PASS" starttime="20240108 16:07:27.799" endtime="20240108 16:07:28.829"/>
</kw>
<kw name="Input User Email on Login Page" library="loginPage">
<arg>${VALID_EMAIL}</arg>
<kw name="Wait Until Element Is Visible" library="AppiumLibrary">
<arg>${emailInput_LoginPage}</arg>
<doc>Waits until element specified with `locator` is visible.</doc>
<msg timestamp="20240108 16:07:28.933" level="INFO">xpath criteria: //android.widget.EditText[@resource-id="com.example.myapplication:id/username"]</msg>
<status status="PASS" starttime="20240108 16:07:28.830" endtime="20240108 16:07:28.933"/>
</kw>
<kw name="Input Text" library="AppiumLibrary">
<arg>${emailInput_LoginPage}</arg>
<arg>${email}</arg>
<doc>Types the given `text` into text field identified by `locator`.</doc>
<msg timestamp="20240108 16:07:28.935" level="INFO">Typing text 'support@ngendigital.com' into text field '//android.widget.EditText[@resource-id="com.example.myapplication:id/username"]'</msg>
<msg timestamp="20240108 16:07:29.060" level="INFO">xpath criteria: //android.widget.EditText[@resource-id="com.example.myapplication:id/username"]</msg>
<status status="PASS" starttime="20240108 16:07:28.933" endtime="20240108 16:07:29.060"/>
</kw>
<status status="PASS" starttime="20240108 16:07:28.830" endtime="20240108 16:07:29.060"/>
</kw>
<kw name="Input User Password on Login Page" library="loginPage">
<arg>${VALID_PASSWORD}</arg>
<kw name="Wait Until Element Is Visible" library="AppiumLibrary">
<arg>${passwordInput_LoginPage}</arg>
<doc>Waits until element specified with `locator` is visible.</doc>
<msg timestamp="20240108 16:07:29.661" level="INFO">xpath criteria: //android.widget.EditText[@resource-id="com.example.myapplication:id/password"]</msg>
<status status="PASS" starttime="20240108 16:07:29.061" endtime="20240108 16:07:29.661"/>
</kw>
<kw name="Input Text" library="AppiumLibrary">
<arg>${passwordInput_LoginPage}</arg>
<arg>${password}</arg>
<doc>Types the given `text` into text field identified by `locator`.</doc>
<msg timestamp="20240108 16:07:29.663" level="INFO">Typing text 'abc123' into text field '//android.widget.EditText[@resource-id="com.example.myapplication:id/password"]'</msg>
<msg timestamp="20240108 16:07:29.755" level="INFO">xpath criteria: //android.widget.EditText[@resource-id="com.example.myapplication:id/password"]</msg>
<status status="PASS" starttime="20240108 16:07:29.661" endtime="20240108 16:07:29.755"/>
</kw>
<status status="PASS" starttime="20240108 16:07:29.060" endtime="20240108 16:07:29.755"/>
</kw>
<kw name="Click Sign In on Login Page" library="loginPage">
<kw name="Click Element" library="AppiumLibrary">
<arg>${signIn_button_LoginPage}</arg>
<doc>Click element identified by `locator`.</doc>
<msg timestamp="20240108 16:07:29.757" level="INFO">Clicking element '//android.widget.Button[@resource-id="com.example.myapplication:id/signIn"]'.</msg>
<msg timestamp="20240108 16:07:30.297" level="INFO">xpath criteria: //android.widget.Button[@resource-id="com.example.myapplication:id/signIn"]</msg>
<status status="PASS" starttime="20240108 16:07:29.755" endtime="20240108 16:07:30.297"/>
</kw>
<status status="PASS" starttime="20240108 16:07:29.755" endtime="20240108 16:07:30.297"/>
</kw>
<kw name="Verify User Is Logged In" library="homePage">
<kw name="Wait Until Element Is Visible" library="AppiumLibrary">
<arg>${userName_text_homePage}</arg>
<doc>Waits until element specified with `locator` is visible.</doc>
<msg timestamp="20240108 16:07:31.088" level="INFO">xpath criteria: //android.widget.TextView[@resource-id="com.example.myapplication:id/textView"]
xpath criteria: //android.widget.TextView[@resource-id="com.example.myapplication:id/textView"]</msg>
<status status="PASS" starttime="20240108 16:07:30.308" endtime="20240108 16:07:31.089"/>
</kw>
<status status="PASS" starttime="20240108 16:07:30.307" endtime="20240108 16:07:31.089"/>
</kw>
<kw name="Close Flight Application" library="base" type="TEARDOWN">
<kw name="Close Application" library="AppiumLibrary">
<doc>Closes the current application and also close webdriver session.</doc>
<status status="PASS" starttime="20240108 16:07:31.089" endtime="20240108 16:07:32.253"/>
</kw>
<status status="PASS" starttime="20240108 16:07:31.089" endtime="20240108 16:07:32.253"/>
</kw>
<status status="PASS" starttime="20240108 16:07:10.813" endtime="20240108 16:07:32.254"/>
</test>
<status status="PASS" starttime="20240108 16:07:10.794" endtime="20240108 16:07:32.256"/>
</suite>
<status status="PASS" starttime="20240108 15:54:51.275" endtime="20240108 16:07:32.258"/>
</suite>
<statistics>
<total>
<stat pass="15" fail="0" skip="0">All Tests</stat>
</total>
<tag>
</tag>
<suite>
<stat pass="15" fail="0" skip="0" id="s1" name="Suites">Suites</stat>
<stat pass="7" fail="0" skip="0" id="s1-s1" name="bookOnWaySuites">Suites.bookOnWaySuites</stat>
<stat pass="7" fail="0" skip="0" id="s1-s2" name="bookRoundTripSuites">Suites.bookRoundTripSuites</stat>
<stat pass="1" fail="0" skip="0" id="s1-s3" name="loginSuites">Suites.loginSuites</stat>
</suite>
</statistics>
<errors>
</errors>
</robot>
