<?xml version="1.0" encoding="UTF-8"?>
<robot generator="Robot 6.1.1 (Python 3.12.1 on win32)" generated="20240108 11:59:37.731" rpa="false" schemaversion="4">
<suite id="s1" name="Login" source="d:\Documents\test\suites\login.robot">
<test id="s1-t1" name="Verify Login Success - Valid User And Password" line="9">
<kw name="Open Flight Application" library="base">
<kw name="Open Application" library="AppiumLibrary">
<arg>${REMOTE_URL}</arg>
<arg>platformName=${PLATFORM_NAME}</arg>
<arg>platformVersion=${PLATFORM_VERSION}</arg>
<arg>deviceName=${DEVICE_NAME}</arg>
<arg>appPackage=${APP_PACKAGE}</arg>
<arg>appActivity=${APP_ACTIVITY}</arg>
<arg>newCommandTimeout=${TIMEOUT}</arg>
<doc>Opens a new application to given Appium server.
Capabilities of appium server, Android and iOS,
Please check https://github.com/appium/appium/blob/master/docs/en/writing-running-appium/server-args.md
| *Option*            | *Man.* | *Description*     |
| remote_url          | Yes    | Appium server url |
| alias               | no     | alias             |
| strict_ssl          | No     | allows you to send commands to an invalid certificate host like a self-signed one. |</doc>
<status status="PASS" starttime="20240108 11:59:38.698" endtime="20240108 12:00:01.966"/>
</kw>
<status status="PASS" starttime="20240108 11:59:38.692" endtime="20240108 12:00:01.971"/>
</kw>
<kw name="Verify Homepage Appears" library="homePage">
<kw name="Wait Until Element Is Visible" library="AppiumLibrary">
<arg>${appLogo}</arg>
<doc>Waits until element specified with `locator` is visible.</doc>
<msg timestamp="20240108 12:00:03.235" level="INFO">xpath criteria: //android.widget.ImageView[@resource-id="com.example.myapplication:id/imageView4"]</msg>
<status status="PASS" starttime="20240108 12:00:01.986" endtime="20240108 12:00:03.250"/>
</kw>
<kw name="Wait Until Element Is Visible" library="AppiumLibrary">
<arg>${loginButton}</arg>
<doc>Waits until element specified with `locator` is visible.</doc>
<msg timestamp="20240108 12:00:03.505" level="INFO">xpath criteria: //android.widget.Button[@resource-id="com.example.myapplication:id/login"]</msg>
<status status="PASS" starttime="20240108 12:00:03.255" endtime="20240108 12:00:03.506"/>
</kw>
<kw name="Wait Until Element Is Visible" library="AppiumLibrary">
<arg>${searchButton}</arg>
<doc>Waits until element specified with `locator` is visible.</doc>
<msg timestamp="20240108 12:00:03.735" level="INFO">xpath criteria: //android.widget.Button[@resource-id="com.example.myapplication:id/button6" and @text="Search"]</msg>
<status status="PASS" starttime="20240108 12:00:03.508" endtime="20240108 12:00:03.737"/>
</kw>
<kw name="Wait Until Element Is Visible" library="AppiumLibrary">
<arg>${checkInButton}</arg>
<doc>Waits until element specified with `locator` is visible.</doc>
<msg timestamp="20240108 12:00:03.995" level="INFO">xpath criteria: //android.widget.Button[@resource-id="com.example.myapplication:id/button6" and @text="Check in"]</msg>
<status status="PASS" starttime="20240108 12:00:03.743" endtime="20240108 12:00:03.996"/>
</kw>
<status status="PASS" starttime="20240108 12:00:01.981" endtime="20240108 12:00:03.997"/>
</kw>
<kw name="Click Log In Button" library="login">
<kw name="Click Element" library="AppiumLibrary">
<arg>${loginButton}</arg>
<doc>Click element identified by `locator`.</doc>
<msg timestamp="20240108 12:00:04.038" level="INFO">Clicking element '//android.widget.Button[@resource-id="com.example.myapplication:id/login"]'.</msg>
<msg timestamp="20240108 12:00:04.344" level="INFO">xpath criteria: //android.widget.Button[@resource-id="com.example.myapplication:id/login"]</msg>
<status status="PASS" starttime="20240108 12:00:04.013" endtime="20240108 12:00:04.346"/>
</kw>
<status status="PASS" starttime="20240108 12:00:04.000" endtime="20240108 12:00:04.348"/>
</kw>
<kw name="Verify Login Page Appears" library="login">
<kw name="Wait Until Element Is Visible" library="AppiumLibrary">
<arg>${appLogo3}</arg>
<doc>Waits until element specified with `locator` is visible.</doc>
<msg timestamp="20240108 12:00:06.014" level="INFO">xpath criteria: //android.widget.ImageView[@resource-id="com.example.myapplication:id/imageView3"]
xpath criteria: //android.widget.ImageView[@resource-id="com.example.myapplication:id/imageView3"]</msg>
<status status="PASS" starttime="20240108 12:00:04.555" endtime="20240108 12:00:06.016"/>
</kw>
<status status="PASS" starttime="20240108 12:00:04.523" endtime="20240108 12:00:06.018"/>
</kw>
<kw name="Input Username Login Page" library="login">
<kw name="Input Text" library="AppiumLibrary">
<arg>${locatorUserName}</arg>
<arg>${USERNAME}</arg>
<doc>Types the given `text` into text field identified by `locator`.</doc>
<msg timestamp="20240108 12:00:06.097" level="INFO">Typing text 'support@ngendigital.com' into text field '//android.widget.EditText[@resource-id="com.example.myapplication:id/username"]'</msg>
<msg timestamp="20240108 12:00:06.400" level="INFO">xpath criteria: //android.widget.EditText[@resource-id="com.example.myapplication:id/username"]</msg>
<status status="PASS" starttime="20240108 12:00:06.050" endtime="20240108 12:00:06.401"/>
</kw>
<status status="PASS" starttime="20240108 12:00:06.045" endtime="20240108 12:00:06.403"/>
</kw>
<kw name="Input Password Login Page" library="login">
<kw name="Input Password" library="AppiumLibrary">
<arg>${locatorPassword}</arg>
<arg>${PASSWORD}</arg>
<doc>Types the given password into text field identified by `locator`.</doc>
<msg timestamp="20240108 12:00:06.640" level="INFO">Typing password into text field '//android.widget.EditText[@resource-id="com.example.myapplication:id/password"]'</msg>
<msg timestamp="20240108 12:00:07.166" level="INFO">xpath criteria: //android.widget.EditText[@resource-id="com.example.myapplication:id/password"]</msg>
<status status="PASS" starttime="20240108 12:00:06.598" endtime="20240108 12:00:07.168"/>
</kw>
<status status="PASS" starttime="20240108 12:00:06.594" endtime="20240108 12:00:07.170"/>
</kw>
<kw name="Click Sign In Button" library="login">
<kw name="Click Element" library="AppiumLibrary">
<arg>${signIn}</arg>
<doc>Click element identified by `locator`.</doc>
<msg timestamp="20240108 12:00:07.303" level="INFO">Clicking element '//android.widget.Button[@resource-id="com.example.myapplication:id/signIn"]'.</msg>
<msg timestamp="20240108 12:00:07.835" level="INFO">xpath criteria: //android.widget.Button[@resource-id="com.example.myapplication:id/signIn"]</msg>
<status status="PASS" starttime="20240108 12:00:07.239" endtime="20240108 12:00:07.838"/>
</kw>
<status status="PASS" starttime="20240108 12:00:07.235" endtime="20240108 12:00:07.840"/>
</kw>
<kw name="Verify Main Page Appears" library="login">
<kw name="Wait Until Element Is Visible" library="AppiumLibrary">
<arg>${accountName}</arg>
<doc>Waits until element specified with `locator` is visible.</doc>
<msg timestamp="20240108 12:00:08.991" level="INFO">xpath criteria: //android.widget.TextView[@resource-id="com.example.myapplication:id/textView"]</msg>
<status status="PASS" starttime="20240108 12:00:08.119" endtime="20240108 12:00:08.995"/>
</kw>
<kw name="Element Should Contain Text" library="AppiumLibrary">
<arg>${signOutButton}</arg>
<arg>${SIGNOUT}</arg>
<doc>Verifies element identified by ``locator`` contains text ``expected``.</doc>
<msg timestamp="20240108 12:00:09.030" level="INFO">Verifying element '//android.widget.Button[@resource-id="com.example.myapplication:id/login"]' contains text 'Sign Out'.</msg>
<msg timestamp="20240108 12:00:09.278" level="INFO">xpath criteria: //android.widget.Button[@resource-id="com.example.myapplication:id/login"]</msg>
<status status="PASS" starttime="20240108 12:00:08.997" endtime="20240108 12:00:09.279"/>
</kw>
<status status="PASS" starttime="20240108 12:00:08.079" endtime="20240108 12:00:09.281"/>
</kw>
<status status="PASS" starttime="20240108 11:59:38.686" endtime="20240108 12:00:09.571"/>
</test>
<test id="s1-t2" name="Verify Failed Login - Valid User And Invalid Password" line="20">
<kw name="Open Flight Application" library="base">
<kw name="Open Application" library="AppiumLibrary">
<arg>${REMOTE_URL}</arg>
<arg>platformName=${PLATFORM_NAME}</arg>
<arg>platformVersion=${PLATFORM_VERSION}</arg>
<arg>deviceName=${DEVICE_NAME}</arg>
<arg>appPackage=${APP_PACKAGE}</arg>
<arg>appActivity=${APP_ACTIVITY}</arg>
<arg>newCommandTimeout=${TIMEOUT}</arg>
<doc>Opens a new application to given Appium server.
Capabilities of appium server, Android and iOS,
Please check https://github.com/appium/appium/blob/master/docs/en/writing-running-appium/server-args.md
| *Option*            | *Man.* | *Description*     |
| remote_url          | Yes    | Appium server url |
| alias               | no     | alias             |
| strict_ssl          | No     | allows you to send commands to an invalid certificate host like a self-signed one. |</doc>
<status status="PASS" starttime="20240108 12:00:09.798" endtime="20240108 12:00:36.327"/>
</kw>
<status status="PASS" starttime="20240108 12:00:09.751" endtime="20240108 12:00:36.329"/>
</kw>
<kw name="Verify Homepage Appears" library="homePage">
<kw name="Wait Until Element Is Visible" library="AppiumLibrary">
<arg>${appLogo}</arg>
<doc>Waits until element specified with `locator` is visible.</doc>
<msg timestamp="20240108 12:00:37.218" level="INFO">xpath criteria: //android.widget.ImageView[@resource-id="com.example.myapplication:id/imageView4"]</msg>
<status status="PASS" starttime="20240108 12:00:36.341" endtime="20240108 12:00:37.219"/>
</kw>
<kw name="Wait Until Element Is Visible" library="AppiumLibrary">
<arg>${loginButton}</arg>
<doc>Waits until element specified with `locator` is visible.</doc>
<msg timestamp="20240108 12:00:37.531" level="INFO">xpath criteria: //android.widget.Button[@resource-id="com.example.myapplication:id/login"]</msg>
<status status="PASS" starttime="20240108 12:00:37.221" endtime="20240108 12:00:37.538"/>
</kw>
<kw name="Wait Until Element Is Visible" library="AppiumLibrary">
<arg>${searchButton}</arg>
<doc>Waits until element specified with `locator` is visible.</doc>
<msg timestamp="20240108 12:00:37.755" level="INFO">xpath criteria: //android.widget.Button[@resource-id="com.example.myapplication:id/button6" and @text="Search"]</msg>
<status status="PASS" starttime="20240108 12:00:37.540" endtime="20240108 12:00:37.757"/>
</kw>
<kw name="Wait Until Element Is Visible" library="AppiumLibrary">
<arg>${checkInButton}</arg>
<doc>Waits until element specified with `locator` is visible.</doc>
<msg timestamp="20240108 12:00:38.002" level="INFO">xpath criteria: //android.widget.Button[@resource-id="com.example.myapplication:id/button6" and @text="Check in"]</msg>
<status status="PASS" starttime="20240108 12:00:37.759" endtime="20240108 12:00:38.004"/>
</kw>
<status status="PASS" starttime="20240108 12:00:36.338" endtime="20240108 12:00:38.006"/>
</kw>
<kw name="Click Log In Button" library="login">
<kw name="Click Element" library="AppiumLibrary">
<arg>${loginButton}</arg>
<doc>Click element identified by `locator`.</doc>
<msg timestamp="20240108 12:00:38.086" level="INFO">Clicking element '//android.widget.Button[@resource-id="com.example.myapplication:id/login"]'.</msg>
<msg timestamp="20240108 12:00:38.380" level="INFO">xpath criteria: //android.widget.Button[@resource-id="com.example.myapplication:id/login"]</msg>
<status status="PASS" starttime="20240108 12:00:38.050" endtime="20240108 12:00:38.382"/>
</kw>
<status status="PASS" starttime="20240108 12:00:38.044" endtime="20240108 12:00:38.384"/>
</kw>
<kw name="Verify Login Page Appears" library="login">
<kw name="Wait Until Element Is Visible" library="AppiumLibrary">
<arg>${appLogo3}</arg>
<doc>Waits until element specified with `locator` is visible.</doc>
<msg timestamp="20240108 12:00:40.378" level="INFO">xpath criteria: //android.widget.ImageView[@resource-id="com.example.myapplication:id/imageView3"]
xpath criteria: //android.widget.ImageView[@resource-id="com.example.myapplication:id/imageView3"]</msg>
<status status="PASS" starttime="20240108 12:00:38.532" endtime="20240108 12:00:40.379"/>
</kw>
<status status="PASS" starttime="20240108 12:00:38.524" endtime="20240108 12:00:40.387"/>
</kw>
<kw name="Input Username Login Page" library="login">
<kw name="Input Text" library="AppiumLibrary">
<arg>${locatorUserName}</arg>
<arg>${USERNAME}</arg>
<doc>Types the given `text` into text field identified by `locator`.</doc>
<msg timestamp="20240108 12:00:40.474" level="INFO">Typing text 'support@ngendigital.com' into text field '//android.widget.EditText[@resource-id="com.example.myapplication:id/username"]'</msg>
<msg timestamp="20240108 12:00:40.825" level="INFO">xpath criteria: //android.widget.EditText[@resource-id="com.example.myapplication:id/username"]</msg>
<status status="PASS" starttime="20240108 12:00:40.404" endtime="20240108 12:00:40.829"/>
</kw>
<status status="PASS" starttime="20240108 12:00:40.400" endtime="20240108 12:00:40.832"/>
</kw>
<kw name="Input Wrong Password" library="login">
<kw name="Input Text" library="AppiumLibrary">
<arg>${locatorPassword}</arg>
<arg>${WRONGPASSWORD}</arg>
<doc>Types the given `text` into text field identified by `locator`.</doc>
<msg timestamp="20240108 12:00:40.905" level="INFO">Typing text 'passwrong' into text field '//android.widget.EditText[@resource-id="com.example.myapplication:id/password"]'</msg>
<msg timestamp="20240108 12:00:41.539" level="INFO">xpath criteria: //android.widget.EditText[@resource-id="com.example.myapplication:id/password"]</msg>
<status status="PASS" starttime="20240108 12:00:40.852" endtime="20240108 12:00:41.541"/>
</kw>
<status status="PASS" starttime="20240108 12:00:40.847" endtime="20240108 12:00:41.543"/>
</kw>
<kw name="Click Sign In Button" library="login">
<kw name="Click Element" library="AppiumLibrary">
<arg>${signIn}</arg>
<doc>Click element identified by `locator`.</doc>
<msg timestamp="20240108 12:00:41.620" level="INFO">Clicking element '//android.widget.Button[@resource-id="com.example.myapplication:id/signIn"]'.</msg>
<msg timestamp="20240108 12:00:42.153" level="INFO">xpath criteria: //android.widget.Button[@resource-id="com.example.myapplication:id/signIn"]</msg>
<status status="PASS" starttime="20240108 12:00:41.571" endtime="20240108 12:00:42.154"/>
</kw>
<status status="PASS" starttime="20240108 12:00:41.567" endtime="20240108 12:00:42.157"/>
</kw>
<kw name="Show Message Invalid User Or Password" library="login">
<kw name="Wait Until Page Contains" library="AppiumLibrary">
<arg>${INVALIDMESSAGE}</arg>
<doc>Waits until `text` appears on current page.</doc>
<status status="PASS" starttime="20240108 12:00:42.218" endtime="20240108 12:00:42.904"/>
</kw>
<status status="PASS" starttime="20240108 12:00:42.212" endtime="20240108 12:00:42.905"/>
</kw>
<status status="PASS" starttime="20240108 12:00:09.712" endtime="20240108 12:00:42.908"/>
</test>
<test id="s1-t3" name="Verify Failed Login - Invalid User And Valid Password" line="30">
<kw name="Open Flight Application" library="base">
<kw name="Open Application" library="AppiumLibrary">
<arg>${REMOTE_URL}</arg>
<arg>platformName=${PLATFORM_NAME}</arg>
<arg>platformVersion=${PLATFORM_VERSION}</arg>
<arg>deviceName=${DEVICE_NAME}</arg>
<arg>appPackage=${APP_PACKAGE}</arg>
<arg>appActivity=${APP_ACTIVITY}</arg>
<arg>newCommandTimeout=${TIMEOUT}</arg>
<doc>Opens a new application to given Appium server.
Capabilities of appium server, Android and iOS,
Please check https://github.com/appium/appium/blob/master/docs/en/writing-running-appium/server-args.md
| *Option*            | *Man.* | *Description*     |
| remote_url          | Yes    | Appium server url |
| alias               | no     | alias             |
| strict_ssl          | No     | allows you to send commands to an invalid certificate host like a self-signed one. |</doc>
<status status="PASS" starttime="20240108 12:00:42.939" endtime="20240108 12:01:05.014"/>
</kw>
<status status="PASS" starttime="20240108 12:00:42.933" endtime="20240108 12:01:05.016"/>
</kw>
<kw name="Verify Homepage Appears" library="homePage">
<kw name="Wait Until Element Is Visible" library="AppiumLibrary">
<arg>${appLogo}</arg>
<doc>Waits until element specified with `locator` is visible.</doc>
<msg timestamp="20240108 12:01:06.087" level="INFO">xpath criteria: //android.widget.ImageView[@resource-id="com.example.myapplication:id/imageView4"]</msg>
<status status="PASS" starttime="20240108 12:01:05.028" endtime="20240108 12:01:06.088"/>
</kw>
<kw name="Wait Until Element Is Visible" library="AppiumLibrary">
<arg>${loginButton}</arg>
<doc>Waits until element specified with `locator` is visible.</doc>
<msg timestamp="20240108 12:01:06.418" level="INFO">xpath criteria: //android.widget.Button[@resource-id="com.example.myapplication:id/login"]</msg>
<status status="PASS" starttime="20240108 12:01:06.091" endtime="20240108 12:01:06.420"/>
</kw>
<kw name="Wait Until Element Is Visible" library="AppiumLibrary">
<arg>${searchButton}</arg>
<doc>Waits until element specified with `locator` is visible.</doc>
<msg timestamp="20240108 12:01:06.710" level="INFO">xpath criteria: //android.widget.Button[@resource-id="com.example.myapplication:id/button6" and @text="Search"]</msg>
<status status="PASS" starttime="20240108 12:01:06.423" endtime="20240108 12:01:06.712"/>
</kw>
<kw name="Wait Until Element Is Visible" library="AppiumLibrary">
<arg>${checkInButton}</arg>
<doc>Waits until element specified with `locator` is visible.</doc>
<msg timestamp="20240108 12:01:06.964" level="INFO">xpath criteria: //android.widget.Button[@resource-id="com.example.myapplication:id/button6" and @text="Check in"]</msg>
<status status="PASS" starttime="20240108 12:01:06.715" endtime="20240108 12:01:06.965"/>
</kw>
<status status="PASS" starttime="20240108 12:01:05.020" endtime="20240108 12:01:06.967"/>
</kw>
<kw name="Click Log In Button" library="login">
<kw name="Click Element" library="AppiumLibrary">
<arg>${loginButton}</arg>
<doc>Click element identified by `locator`.</doc>
<msg timestamp="20240108 12:01:07.025" level="INFO">Clicking element '//android.widget.Button[@resource-id="com.example.myapplication:id/login"]'.</msg>
<msg timestamp="20240108 12:01:07.352" level="INFO">xpath criteria: //android.widget.Button[@resource-id="com.example.myapplication:id/login"]</msg>
<status status="PASS" starttime="20240108 12:01:06.995" endtime="20240108 12:01:07.354"/>
</kw>
<status status="PASS" starttime="20240108 12:01:06.991" endtime="20240108 12:01:07.356"/>
</kw>
<kw name="Verify Login Page Appears" library="login">
<kw name="Wait Until Element Is Visible" library="AppiumLibrary">
<arg>${appLogo3}</arg>
<doc>Waits until element specified with `locator` is visible.</doc>
<msg timestamp="20240108 12:01:08.544" level="INFO">xpath criteria: //android.widget.ImageView[@resource-id="com.example.myapplication:id/imageView3"]</msg>
<status status="PASS" starttime="20240108 12:01:07.985" endtime="20240108 12:01:08.546"/>
</kw>
<status status="PASS" starttime="20240108 12:01:07.955" endtime="20240108 12:01:08.548"/>
</kw>
<kw name="Input Wrong Username" library="login">
<kw name="Input Text" library="AppiumLibrary">
<arg>${locatorUserName}</arg>
<arg>${WRONGUSERNAME}</arg>
<doc>Types the given `text` into text field identified by `locator`.</doc>
<msg timestamp="20240108 12:01:08.670" level="INFO">Typing text 'error@ngendigital.com' into text field '//android.widget.EditText[@resource-id="com.example.myapplication:id/username"]'</msg>
<msg timestamp="20240108 12:01:09.029" level="INFO">xpath criteria: //android.widget.EditText[@resource-id="com.example.myapplication:id/username"]</msg>
<status status="PASS" starttime="20240108 12:01:08.601" endtime="20240108 12:01:09.031"/>
</kw>
<status status="PASS" starttime="20240108 12:01:08.596" endtime="20240108 12:01:09.033"/>
</kw>
<kw name="Input Password Login Page" library="login">
<kw name="Input Password" library="AppiumLibrary">
<arg>${locatorPassword}</arg>
<arg>${PASSWORD}</arg>
<doc>Types the given password into text field identified by `locator`.</doc>
<msg timestamp="20240108 12:01:09.105" level="INFO">Typing password into text field '//android.widget.EditText[@resource-id="com.example.myapplication:id/password"]'</msg>
<msg timestamp="20240108 12:01:09.764" level="INFO">xpath criteria: //android.widget.EditText[@resource-id="com.example.myapplication:id/password"]</msg>
<status status="PASS" starttime="20240108 12:01:09.059" endtime="20240108 12:01:09.766"/>
</kw>
<status status="PASS" starttime="20240108 12:01:09.055" endtime="20240108 12:01:09.768"/>
</kw>
<kw name="Click Sign In Button" library="login">
<kw name="Click Element" library="AppiumLibrary">
<arg>${signIn}</arg>
<doc>Click element identified by `locator`.</doc>
<msg timestamp="20240108 12:01:09.928" level="INFO">Clicking element '//android.widget.Button[@resource-id="com.example.myapplication:id/signIn"]'.</msg>
<msg timestamp="20240108 12:01:10.474" level="INFO">xpath criteria: //android.widget.Button[@resource-id="com.example.myapplication:id/signIn"]</msg>
<status status="PASS" starttime="20240108 12:01:09.886" endtime="20240108 12:01:10.476"/>
</kw>
<status status="PASS" starttime="20240108 12:01:09.882" endtime="20240108 12:01:10.478"/>
</kw>
<kw name="Show Message Invalid User Or Password" library="login">
<kw name="Wait Until Page Contains" library="AppiumLibrary">
<arg>${INVALIDMESSAGE}</arg>
<doc>Waits until `text` appears on current page.</doc>
<status status="PASS" starttime="20240108 12:01:10.589" endtime="20240108 12:01:10.943"/>
</kw>
<status status="PASS" starttime="20240108 12:01:10.566" endtime="20240108 12:01:10.947"/>
</kw>
<status status="PASS" starttime="20240108 12:00:42.919" endtime="20240108 12:01:10.974"/>
</test>
<test id="s1-t4" name="Verify Failed Login - Invalid User And Invalid Password" line="41">
<kw name="Open Flight Application" library="base">
<kw name="Open Application" library="AppiumLibrary">
<arg>${REMOTE_URL}</arg>
<arg>platformName=${PLATFORM_NAME}</arg>
<arg>platformVersion=${PLATFORM_VERSION}</arg>
<arg>deviceName=${DEVICE_NAME}</arg>
<arg>appPackage=${APP_PACKAGE}</arg>
<arg>appActivity=${APP_ACTIVITY}</arg>
<arg>newCommandTimeout=${TIMEOUT}</arg>
<doc>Opens a new application to given Appium server.
Capabilities of appium server, Android and iOS,
Please check https://github.com/appium/appium/blob/master/docs/en/writing-running-appium/server-args.md
| *Option*            | *Man.* | *Description*     |
| remote_url          | Yes    | Appium server url |
| alias               | no     | alias             |
| strict_ssl          | No     | allows you to send commands to an invalid certificate host like a self-signed one. |</doc>
<status status="PASS" starttime="20240108 12:01:11.149" endtime="20240108 12:01:35.236"/>
</kw>
<status status="PASS" starttime="20240108 12:01:11.134" endtime="20240108 12:01:35.237"/>
</kw>
<kw name="Verify Homepage Appears" library="homePage">
<kw name="Wait Until Element Is Visible" library="AppiumLibrary">
<arg>${appLogo}</arg>
<doc>Waits until element specified with `locator` is visible.</doc>
<msg timestamp="20240108 12:01:36.375" level="INFO">xpath criteria: //android.widget.ImageView[@resource-id="com.example.myapplication:id/imageView4"]</msg>
<status status="PASS" starttime="20240108 12:01:35.243" endtime="20240108 12:01:36.377"/>
</kw>
<kw name="Wait Until Element Is Visible" library="AppiumLibrary">
<arg>${loginButton}</arg>
<doc>Waits until element specified with `locator` is visible.</doc>
<msg timestamp="20240108 12:01:36.635" level="INFO">xpath criteria: //android.widget.Button[@resource-id="com.example.myapplication:id/login"]</msg>
<status status="PASS" starttime="20240108 12:01:36.387" endtime="20240108 12:01:36.636"/>
</kw>
<kw name="Wait Until Element Is Visible" library="AppiumLibrary">
<arg>${searchButton}</arg>
<doc>Waits until element specified with `locator` is visible.</doc>
<msg timestamp="20240108 12:01:36.882" level="INFO">xpath criteria: //android.widget.Button[@resource-id="com.example.myapplication:id/button6" and @text="Search"]</msg>
<status status="PASS" starttime="20240108 12:01:36.639" endtime="20240108 12:01:36.884"/>
</kw>
<kw name="Wait Until Element Is Visible" library="AppiumLibrary">
<arg>${checkInButton}</arg>
<doc>Waits until element specified with `locator` is visible.</doc>
<msg timestamp="20240108 12:01:37.177" level="INFO">xpath criteria: //android.widget.Button[@resource-id="com.example.myapplication:id/button6" and @text="Check in"]</msg>
<status status="PASS" starttime="20240108 12:01:36.899" endtime="20240108 12:01:37.179"/>
</kw>
<status status="PASS" starttime="20240108 12:01:35.239" endtime="20240108 12:01:37.181"/>
</kw>
<kw name="Click Log In Button" library="login">
<kw name="Click Element" library="AppiumLibrary">
<arg>${loginButton}</arg>
<doc>Click element identified by `locator`.</doc>
<msg timestamp="20240108 12:01:37.226" level="INFO">Clicking element '//android.widget.Button[@resource-id="com.example.myapplication:id/login"]'.</msg>
<msg timestamp="20240108 12:01:37.586" level="INFO">xpath criteria: //android.widget.Button[@resource-id="com.example.myapplication:id/login"]</msg>
<status status="PASS" starttime="20240108 12:01:37.189" endtime="20240108 12:01:37.588"/>
</kw>
<status status="PASS" starttime="20240108 12:01:37.185" endtime="20240108 12:01:37.592"/>
</kw>
<kw name="Verify Login Page Appears" library="login">
<kw name="Wait Until Element Is Visible" library="AppiumLibrary">
<arg>${appLogo3}</arg>
<doc>Waits until element specified with `locator` is visible.</doc>
<msg timestamp="20240108 12:01:38.982" level="INFO">xpath criteria: //android.widget.ImageView[@resource-id="com.example.myapplication:id/imageView3"]</msg>
<status status="PASS" starttime="20240108 12:01:37.837" endtime="20240108 12:01:38.986"/>
</kw>
<status status="PASS" starttime="20240108 12:01:37.824" endtime="20240108 12:01:38.989"/>
</kw>
<kw name="Input Wrong Username" library="login">
<kw name="Input Text" library="AppiumLibrary">
<arg>${locatorUserName}</arg>
<arg>${WRONGUSERNAME}</arg>
<doc>Types the given `text` into text field identified by `locator`.</doc>
<msg timestamp="20240108 12:01:39.042" level="INFO">Typing text 'error@ngendigital.com' into text field '//android.widget.EditText[@resource-id="com.example.myapplication:id/username"]'</msg>
<msg timestamp="20240108 12:01:39.398" level="INFO">xpath criteria: //android.widget.EditText[@resource-id="com.example.myapplication:id/username"]</msg>
<status status="PASS" starttime="20240108 12:01:39.012" endtime="20240108 12:01:39.400"/>
</kw>
<status status="PASS" starttime="20240108 12:01:39.009" endtime="20240108 12:01:39.401"/>
</kw>
<kw name="Input Wrong Password" library="login">
<kw name="Input Text" library="AppiumLibrary">
<arg>${locatorPassword}</arg>
<arg>${WRONGPASSWORD}</arg>
<doc>Types the given `text` into text field identified by `locator`.</doc>
<msg timestamp="20240108 12:01:39.461" level="INFO">Typing text 'passwrong' into text field '//android.widget.EditText[@resource-id="com.example.myapplication:id/password"]'</msg>
<msg timestamp="20240108 12:01:40.130" level="INFO">xpath criteria: //android.widget.EditText[@resource-id="com.example.myapplication:id/password"]</msg>
<status status="PASS" starttime="20240108 12:01:39.423" endtime="20240108 12:01:40.132"/>
</kw>
<status status="PASS" starttime="20240108 12:01:39.416" endtime="20240108 12:01:40.135"/>
</kw>
<kw name="Click Sign In Button" library="login">
<kw name="Click Element" library="AppiumLibrary">
<arg>${signIn}</arg>
<doc>Click element identified by `locator`.</doc>
<msg timestamp="20240108 12:01:40.177" level="INFO">Clicking element '//android.widget.Button[@resource-id="com.example.myapplication:id/signIn"]'.</msg>
<msg timestamp="20240108 12:01:40.830" level="INFO">xpath criteria: //android.widget.Button[@resource-id="com.example.myapplication:id/signIn"]</msg>
<status status="PASS" starttime="20240108 12:01:40.150" endtime="20240108 12:01:40.831"/>
</kw>
<status status="PASS" starttime="20240108 12:01:40.146" endtime="20240108 12:01:40.836"/>
</kw>
<kw name="Show Message Invalid User Or Password" library="login">
<kw name="Wait Until Page Contains" library="AppiumLibrary">
<arg>${INVALIDMESSAGE}</arg>
<doc>Waits until `text` appears on current page.</doc>
<status status="PASS" starttime="20240108 12:01:40.866" endtime="20240108 12:01:41.543"/>
</kw>
<status status="PASS" starttime="20240108 12:01:40.859" endtime="20240108 12:01:41.547"/>
</kw>
<status status="PASS" starttime="20240108 12:01:10.989" endtime="20240108 12:01:41.564"/>
</test>
<test id="s1-t5" name="Verify Failed Login - Valid User And Blank Password" line="51">
<kw name="Open Flight Application" library="base">
<kw name="Open Application" library="AppiumLibrary">
<arg>${REMOTE_URL}</arg>
<arg>platformName=${PLATFORM_NAME}</arg>
<arg>platformVersion=${PLATFORM_VERSION}</arg>
<arg>deviceName=${DEVICE_NAME}</arg>
<arg>appPackage=${APP_PACKAGE}</arg>
<arg>appActivity=${APP_ACTIVITY}</arg>
<arg>newCommandTimeout=${TIMEOUT}</arg>
<doc>Opens a new application to given Appium server.
Capabilities of appium server, Android and iOS,
Please check https://github.com/appium/appium/blob/master/docs/en/writing-running-appium/server-args.md
| *Option*            | *Man.* | *Description*     |
| remote_url          | Yes    | Appium server url |
| alias               | no     | alias             |
| strict_ssl          | No     | allows you to send commands to an invalid certificate host like a self-signed one. |</doc>
<status status="PASS" starttime="20240108 12:01:41.614" endtime="20240108 12:02:07.834"/>
</kw>
<status status="PASS" starttime="20240108 12:01:41.610" endtime="20240108 12:02:07.836"/>
</kw>
<kw name="Verify Homepage Appears" library="homePage">
<kw name="Wait Until Element Is Visible" library="AppiumLibrary">
<arg>${appLogo}</arg>
<doc>Waits until element specified with `locator` is visible.</doc>
<msg timestamp="20240108 12:02:08.795" level="INFO">xpath criteria: //android.widget.ImageView[@resource-id="com.example.myapplication:id/imageView4"]</msg>
<status status="PASS" starttime="20240108 12:02:07.845" endtime="20240108 12:02:08.796"/>
</kw>
<kw name="Wait Until Element Is Visible" library="AppiumLibrary">
<arg>${loginButton}</arg>
<doc>Waits until element specified with `locator` is visible.</doc>
<msg timestamp="20240108 12:02:09.092" level="INFO">xpath criteria: //android.widget.Button[@resource-id="com.example.myapplication:id/login"]</msg>
<status status="PASS" starttime="20240108 12:02:08.799" endtime="20240108 12:02:09.094"/>
</kw>
<kw name="Wait Until Element Is Visible" library="AppiumLibrary">
<arg>${searchButton}</arg>
<doc>Waits until element specified with `locator` is visible.</doc>
<msg timestamp="20240108 12:02:09.365" level="INFO">xpath criteria: //android.widget.Button[@resource-id="com.example.myapplication:id/button6" and @text="Search"]</msg>
<status status="PASS" starttime="20240108 12:02:09.096" endtime="20240108 12:02:09.366"/>
</kw>
<kw name="Wait Until Element Is Visible" library="AppiumLibrary">
<arg>${checkInButton}</arg>
<doc>Waits until element specified with `locator` is visible.</doc>
<msg timestamp="20240108 12:02:09.707" level="INFO">xpath criteria: //android.widget.Button[@resource-id="com.example.myapplication:id/button6" and @text="Check in"]</msg>
<status status="PASS" starttime="20240108 12:02:09.369" endtime="20240108 12:02:09.709"/>
</kw>
<status status="PASS" starttime="20240108 12:02:07.840" endtime="20240108 12:02:09.711"/>
</kw>
<kw name="Click Log In Button" library="login">
<kw name="Click Element" library="AppiumLibrary">
<arg>${loginButton}</arg>
<doc>Click element identified by `locator`.</doc>
<msg timestamp="20240108 12:02:09.781" level="INFO">Clicking element '//android.widget.Button[@resource-id="com.example.myapplication:id/login"]'.</msg>
<msg timestamp="20240108 12:02:10.046" level="INFO">xpath criteria: //android.widget.Button[@resource-id="com.example.myapplication:id/login"]</msg>
<status status="PASS" starttime="20240108 12:02:09.749" endtime="20240108 12:02:10.048"/>
</kw>
<status status="PASS" starttime="20240108 12:02:09.745" endtime="20240108 12:02:10.050"/>
</kw>
<kw name="Verify Login Page Appears" library="login">
<kw name="Wait Until Element Is Visible" library="AppiumLibrary">
<arg>${appLogo3}</arg>
<doc>Waits until element specified with `locator` is visible.</doc>
<msg timestamp="20240108 12:02:12.066" level="INFO">xpath criteria: //android.widget.ImageView[@resource-id="com.example.myapplication:id/imageView3"]
xpath criteria: //android.widget.ImageView[@resource-id="com.example.myapplication:id/imageView3"]</msg>
<status status="PASS" starttime="20240108 12:02:10.316" endtime="20240108 12:02:12.068"/>
</kw>
<status status="PASS" starttime="20240108 12:02:10.298" endtime="20240108 12:02:12.071"/>
</kw>
<kw name="Input Username Login Page" library="login">
<kw name="Input Text" library="AppiumLibrary">
<arg>${locatorUserName}</arg>
<arg>${USERNAME}</arg>
<doc>Types the given `text` into text field identified by `locator`.</doc>
<msg timestamp="20240108 12:02:12.118" level="INFO">Typing text 'support@ngendigital.com' into text field '//android.widget.EditText[@resource-id="com.example.myapplication:id/username"]'</msg>
<msg timestamp="20240108 12:02:12.393" level="INFO">xpath criteria: //android.widget.EditText[@resource-id="com.example.myapplication:id/username"]</msg>
<status status="PASS" starttime="20240108 12:02:12.089" endtime="20240108 12:02:12.395"/>
</kw>
<status status="PASS" starttime="20240108 12:02:12.084" endtime="20240108 12:02:12.397"/>
</kw>
<kw name="Input Blank Password" library="login">
<kw name="Input Text" library="AppiumLibrary">
<arg>${locatorPassword}</arg>
<arg>${EMPTY}</arg>
<doc>Types the given `text` into text field identified by `locator`.</doc>
<msg timestamp="20240108 12:02:12.479" level="INFO">Typing text '' into text field '//android.widget.EditText[@resource-id="com.example.myapplication:id/password"]'</msg>
<msg timestamp="20240108 12:02:13.125" level="INFO">xpath criteria: //android.widget.EditText[@resource-id="com.example.myapplication:id/password"]</msg>
<status status="PASS" starttime="20240108 12:02:12.415" endtime="20240108 12:02:13.127"/>
</kw>
<status status="PASS" starttime="20240108 12:02:12.409" endtime="20240108 12:02:13.130"/>
</kw>
<kw name="Click Sign In Button" library="login">
<kw name="Click Element" library="AppiumLibrary">
<arg>${signIn}</arg>
<doc>Click element identified by `locator`.</doc>
<msg timestamp="20240108 12:02:13.246" level="INFO">Clicking element '//android.widget.Button[@resource-id="com.example.myapplication:id/signIn"]'.</msg>
<msg timestamp="20240108 12:02:13.720" level="INFO">xpath criteria: //android.widget.Button[@resource-id="com.example.myapplication:id/signIn"]</msg>
<status status="PASS" starttime="20240108 12:02:13.178" endtime="20240108 12:02:13.723"/>
</kw>
<status status="PASS" starttime="20240108 12:02:13.173" endtime="20240108 12:02:13.725"/>
</kw>
<kw name="Show Message Invalid User Or Password" library="login">
<kw name="Wait Until Page Contains" library="AppiumLibrary">
<arg>${INVALIDMESSAGE}</arg>
<doc>Waits until `text` appears on current page.</doc>
<status status="PASS" starttime="20240108 12:02:13.739" endtime="20240108 12:02:14.570"/>
</kw>
<status status="PASS" starttime="20240108 12:02:13.736" endtime="20240108 12:02:14.572"/>
</kw>
<status status="PASS" starttime="20240108 12:01:41.602" endtime="20240108 12:02:14.625"/>
</test>
<test id="s1-t6" name="Verify Failed Login - Blank User And Valid Password" line="61">
<kw name="Open Flight Application" library="base">
<kw name="Open Application" library="AppiumLibrary">
<arg>${REMOTE_URL}</arg>
<arg>platformName=${PLATFORM_NAME}</arg>
<arg>platformVersion=${PLATFORM_VERSION}</arg>
<arg>deviceName=${DEVICE_NAME}</arg>
<arg>appPackage=${APP_PACKAGE}</arg>
<arg>appActivity=${APP_ACTIVITY}</arg>
<arg>newCommandTimeout=${TIMEOUT}</arg>
<doc>Opens a new application to given Appium server.
Capabilities of appium server, Android and iOS,
Please check https://github.com/appium/appium/blob/master/docs/en/writing-running-appium/server-args.md
| *Option*            | *Man.* | *Description*     |
| remote_url          | Yes    | Appium server url |
| alias               | no     | alias             |
| strict_ssl          | No     | allows you to send commands to an invalid certificate host like a self-signed one. |</doc>
<status status="PASS" starttime="20240108 12:02:14.683" endtime="20240108 12:02:39.047"/>
</kw>
<status status="PASS" starttime="20240108 12:02:14.677" endtime="20240108 12:02:39.056"/>
</kw>
<kw name="Verify Homepage Appears" library="homePage">
<kw name="Wait Until Element Is Visible" library="AppiumLibrary">
<arg>${appLogo}</arg>
<doc>Waits until element specified with `locator` is visible.</doc>
<msg timestamp="20240108 12:02:40.100" level="INFO">xpath criteria: //android.widget.ImageView[@resource-id="com.example.myapplication:id/imageView4"]</msg>
<status status="PASS" starttime="20240108 12:02:39.064" endtime="20240108 12:02:40.103"/>
</kw>
<kw name="Wait Until Element Is Visible" library="AppiumLibrary">
<arg>${loginButton}</arg>
<doc>Waits until element specified with `locator` is visible.</doc>
<msg timestamp="20240108 12:02:40.365" level="INFO">xpath criteria: //android.widget.Button[@resource-id="com.example.myapplication:id/login"]</msg>
<status status="PASS" starttime="20240108 12:02:40.105" endtime="20240108 12:02:40.367"/>
</kw>
<kw name="Wait Until Element Is Visible" library="AppiumLibrary">
<arg>${searchButton}</arg>
<doc>Waits until element specified with `locator` is visible.</doc>
<msg timestamp="20240108 12:02:40.586" level="INFO">xpath criteria: //android.widget.Button[@resource-id="com.example.myapplication:id/button6" and @text="Search"]</msg>
<status status="PASS" starttime="20240108 12:02:40.370" endtime="20240108 12:02:40.588"/>
</kw>
<kw name="Wait Until Element Is Visible" library="AppiumLibrary">
<arg>${checkInButton}</arg>
<doc>Waits until element specified with `locator` is visible.</doc>
<msg timestamp="20240108 12:02:40.788" level="INFO">xpath criteria: //android.widget.Button[@resource-id="com.example.myapplication:id/button6" and @text="Check in"]</msg>
<status status="PASS" starttime="20240108 12:02:40.591" endtime="20240108 12:02:40.790"/>
</kw>
<status status="PASS" starttime="20240108 12:02:39.061" endtime="20240108 12:02:40.792"/>
</kw>
<kw name="Click Log In Button" library="login">
<kw name="Click Element" library="AppiumLibrary">
<arg>${loginButton}</arg>
<doc>Click element identified by `locator`.</doc>
<msg timestamp="20240108 12:02:40.826" level="INFO">Clicking element '//android.widget.Button[@resource-id="com.example.myapplication:id/login"]'.</msg>
<msg timestamp="20240108 12:02:41.044" level="INFO">xpath criteria: //android.widget.Button[@resource-id="com.example.myapplication:id/login"]</msg>
<status status="PASS" starttime="20240108 12:02:40.806" endtime="20240108 12:02:41.046"/>
</kw>
<status status="PASS" starttime="20240108 12:02:40.802" endtime="20240108 12:02:41.049"/>
</kw>
<kw name="Verify Login Page Appears" library="login">
<kw name="Wait Until Element Is Visible" library="AppiumLibrary">
<arg>${appLogo3}</arg>
<doc>Waits until element specified with `locator` is visible.</doc>
<msg timestamp="20240108 12:02:42.104" level="INFO">xpath criteria: //android.widget.ImageView[@resource-id="com.example.myapplication:id/imageView3"]</msg>
<status status="PASS" starttime="20240108 12:02:41.060" endtime="20240108 12:02:42.105"/>
</kw>
<status status="PASS" starttime="20240108 12:02:41.055" endtime="20240108 12:02:42.107"/>
</kw>
<kw name="Input Blank Username" library="login">
<kw name="Input Text" library="AppiumLibrary">
<arg>${locatorUserName}</arg>
<arg>${EMPTY}</arg>
<doc>Types the given `text` into text field identified by `locator`.</doc>
<msg timestamp="20240108 12:02:42.154" level="INFO">Typing text '' into text field '//android.widget.EditText[@resource-id="com.example.myapplication:id/username"]'</msg>
<msg timestamp="20240108 12:02:42.421" level="INFO">xpath criteria: //android.widget.EditText[@resource-id="com.example.myapplication:id/username"]</msg>
<status status="PASS" starttime="20240108 12:02:42.121" endtime="20240108 12:02:42.423"/>
</kw>
<status status="PASS" starttime="20240108 12:02:42.117" endtime="20240108 12:02:42.425"/>
</kw>
<kw name="Input Password Login Page" library="login">
<kw name="Input Password" library="AppiumLibrary">
<arg>${locatorPassword}</arg>
<arg>${PASSWORD}</arg>
<doc>Types the given password into text field identified by `locator`.</doc>
<msg timestamp="20240108 12:02:42.452" level="INFO">Typing password into text field '//android.widget.EditText[@resource-id="com.example.myapplication:id/password"]'</msg>
<msg timestamp="20240108 12:02:43.052" level="INFO">xpath criteria: //android.widget.EditText[@resource-id="com.example.myapplication:id/password"]</msg>
<status status="PASS" starttime="20240108 12:02:42.432" endtime="20240108 12:02:43.054"/>
</kw>
<status status="PASS" starttime="20240108 12:02:42.428" endtime="20240108 12:02:43.056"/>
</kw>
<kw name="Click Sign In Button" library="login">
<kw name="Click Element" library="AppiumLibrary">
<arg>${signIn}</arg>
<doc>Click element identified by `locator`.</doc>
<msg timestamp="20240108 12:02:43.103" level="INFO">Clicking element '//android.widget.Button[@resource-id="com.example.myapplication:id/signIn"]'.</msg>
<msg timestamp="20240108 12:02:43.736" level="INFO">xpath criteria: //android.widget.Button[@resource-id="com.example.myapplication:id/signIn"]</msg>
<status status="PASS" starttime="20240108 12:02:43.069" endtime="20240108 12:02:43.738"/>
</kw>
<status status="PASS" starttime="20240108 12:02:43.065" endtime="20240108 12:02:43.740"/>
</kw>
<kw name="Show Message Invalid User Or Password" library="login">
<kw name="Wait Until Page Contains" library="AppiumLibrary">
<arg>${INVALIDMESSAGE}</arg>
<doc>Waits until `text` appears on current page.</doc>
<status status="PASS" starttime="20240108 12:02:43.755" endtime="20240108 12:02:44.025"/>
</kw>
<status status="PASS" starttime="20240108 12:02:43.750" endtime="20240108 12:02:44.028"/>
</kw>
<status status="PASS" starttime="20240108 12:02:14.664" endtime="20240108 12:02:44.042"/>
</test>
<test id="s1-t7" name="Verify Failed Login - Blank User And Blank Password" line="71">
<kw name="Open Flight Application" library="base">
<kw name="Open Application" library="AppiumLibrary">
<arg>${REMOTE_URL}</arg>
<arg>platformName=${PLATFORM_NAME}</arg>
<arg>platformVersion=${PLATFORM_VERSION}</arg>
<arg>deviceName=${DEVICE_NAME}</arg>
<arg>appPackage=${APP_PACKAGE}</arg>
<arg>appActivity=${APP_ACTIVITY}</arg>
<arg>newCommandTimeout=${TIMEOUT}</arg>
<doc>Opens a new application to given Appium server.
Capabilities of appium server, Android and iOS,
Please check https://github.com/appium/appium/blob/master/docs/en/writing-running-appium/server-args.md
| *Option*            | *Man.* | *Description*     |
| remote_url          | Yes    | Appium server url |
| alias               | no     | alias             |
| strict_ssl          | No     | allows you to send commands to an invalid certificate host like a self-signed one. |</doc>
<status status="PASS" starttime="20240108 12:02:44.069" endtime="20240108 12:03:03.215"/>
</kw>
<status status="PASS" starttime="20240108 12:02:44.063" endtime="20240108 12:03:03.218"/>
</kw>
<kw name="Verify Homepage Appears" library="homePage">
<kw name="Wait Until Element Is Visible" library="AppiumLibrary">
<arg>${appLogo}</arg>
<doc>Waits until element specified with `locator` is visible.</doc>
<msg timestamp="20240108 12:03:04.622" level="INFO">xpath criteria: //android.widget.ImageView[@resource-id="com.example.myapplication:id/imageView4"]</msg>
<status status="PASS" starttime="20240108 12:03:03.227" endtime="20240108 12:03:04.625"/>
</kw>
<kw name="Wait Until Element Is Visible" library="AppiumLibrary">
<arg>${loginButton}</arg>
<doc>Waits until element specified with `locator` is visible.</doc>
<msg timestamp="20240108 12:03:04.867" level="INFO">xpath criteria: //android.widget.Button[@resource-id="com.example.myapplication:id/login"]</msg>
<status status="PASS" starttime="20240108 12:03:04.627" endtime="20240108 12:03:04.869"/>
</kw>
<kw name="Wait Until Element Is Visible" library="AppiumLibrary">
<arg>${searchButton}</arg>
<doc>Waits until element specified with `locator` is visible.</doc>
<msg timestamp="20240108 12:03:05.250" level="INFO">xpath criteria: //android.widget.Button[@resource-id="com.example.myapplication:id/button6" and @text="Search"]</msg>
<status status="PASS" starttime="20240108 12:03:04.870" endtime="20240108 12:03:05.252"/>
</kw>
<kw name="Wait Until Element Is Visible" library="AppiumLibrary">
<arg>${checkInButton}</arg>
<doc>Waits until element specified with `locator` is visible.</doc>
<msg timestamp="20240108 12:03:05.480" level="INFO">xpath criteria: //android.widget.Button[@resource-id="com.example.myapplication:id/button6" and @text="Check in"]</msg>
<status status="PASS" starttime="20240108 12:03:05.254" endtime="20240108 12:03:05.482"/>
</kw>
<status status="PASS" starttime="20240108 12:03:03.223" endtime="20240108 12:03:05.484"/>
</kw>
<kw name="Click Log In Button" library="login">
<kw name="Click Element" library="AppiumLibrary">
<arg>${loginButton}</arg>
<doc>Click element identified by `locator`.</doc>
<msg timestamp="20240108 12:03:05.515" level="INFO">Clicking element '//android.widget.Button[@resource-id="com.example.myapplication:id/login"]'.</msg>
<msg timestamp="20240108 12:03:05.796" level="INFO">xpath criteria: //android.widget.Button[@resource-id="com.example.myapplication:id/login"]</msg>
<status status="PASS" starttime="20240108 12:03:05.498" endtime="20240108 12:03:05.798"/>
</kw>
<status status="PASS" starttime="20240108 12:03:05.495" endtime="20240108 12:03:05.800"/>
</kw>
<kw name="Verify Login Page Appears" library="login">
<kw name="Wait Until Element Is Visible" library="AppiumLibrary">
<arg>${appLogo3}</arg>
<doc>Waits until element specified with `locator` is visible.</doc>
<msg timestamp="20240108 12:03:06.865" level="INFO">xpath criteria: //android.widget.ImageView[@resource-id="com.example.myapplication:id/imageView3"]
xpath criteria: //android.widget.ImageView[@resource-id="com.example.myapplication:id/imageView3"]</msg>
<status status="PASS" starttime="20240108 12:03:05.817" endtime="20240108 12:03:06.866"/>
</kw>
<status status="PASS" starttime="20240108 12:03:05.813" endtime="20240108 12:03:06.869"/>
</kw>
<kw name="Input Blank Username" library="login">
<kw name="Input Text" library="AppiumLibrary">
<arg>${locatorUserName}</arg>
<arg>${EMPTY}</arg>
<doc>Types the given `text` into text field identified by `locator`.</doc>
<msg timestamp="20240108 12:03:06.913" level="INFO">Typing text '' into text field '//android.widget.EditText[@resource-id="com.example.myapplication:id/username"]'</msg>
<msg timestamp="20240108 12:03:07.131" level="INFO">xpath criteria: //android.widget.EditText[@resource-id="com.example.myapplication:id/username"]</msg>
<status status="PASS" starttime="20240108 12:03:06.886" endtime="20240108 12:03:07.133"/>
</kw>
<status status="PASS" starttime="20240108 12:03:06.882" endtime="20240108 12:03:07.135"/>
</kw>
<kw name="Input Blank Password" library="login">
<kw name="Input Text" library="AppiumLibrary">
<arg>${locatorPassword}</arg>
<arg>${EMPTY}</arg>
<doc>Types the given `text` into text field identified by `locator`.</doc>
<msg timestamp="20240108 12:03:07.175" level="INFO">Typing text '' into text field '//android.widget.EditText[@resource-id="com.example.myapplication:id/password"]'</msg>
<msg timestamp="20240108 12:03:07.764" level="INFO">xpath criteria: //android.widget.EditText[@resource-id="com.example.myapplication:id/password"]</msg>
<status status="PASS" starttime="20240108 12:03:07.147" endtime="20240108 12:03:07.766"/>
</kw>
<status status="PASS" starttime="20240108 12:03:07.143" endtime="20240108 12:03:07.768"/>
</kw>
<kw name="Click Sign In Button" library="login">
<kw name="Click Element" library="AppiumLibrary">
<arg>${signIn}</arg>
<doc>Click element identified by `locator`.</doc>
<msg timestamp="20240108 12:03:07.806" level="INFO">Clicking element '//android.widget.Button[@resource-id="com.example.myapplication:id/signIn"]'.</msg>
<msg timestamp="20240108 12:03:08.391" level="INFO">xpath criteria: //android.widget.Button[@resource-id="com.example.myapplication:id/signIn"]</msg>
<status status="PASS" starttime="20240108 12:03:07.782" endtime="20240108 12:03:08.393"/>
</kw>
<status status="PASS" starttime="20240108 12:03:07.779" endtime="20240108 12:03:08.396"/>
</kw>
<kw name="Show Message Invalid User Or Password" library="login">
<kw name="Wait Until Page Contains" library="AppiumLibrary">
<arg>${INVALIDMESSAGE}</arg>
<doc>Waits until `text` appears on current page.</doc>
<status status="PASS" starttime="20240108 12:03:08.413" endtime="20240108 12:03:08.696"/>
</kw>
<status status="PASS" starttime="20240108 12:03:08.410" endtime="20240108 12:03:08.698"/>
</kw>
<status status="PASS" starttime="20240108 12:02:44.053" endtime="20240108 12:03:08.705"/>
</test>
<status status="PASS" starttime="20240108 11:59:37.759" endtime="20240108 12:03:08.741"/>
</suite>
<statistics>
<total>
<stat pass="7" fail="0" skip="0">All Tests</stat>
</total>
<tag>
</tag>
<suite>
<stat pass="7" fail="0" skip="0" id="s1" name="Login">Login</stat>
</suite>
</statistics>
<errors>
</errors>
</robot>
